<?xml version="1.0" encoding="UTF-8"?>
<robot generator="Robot 3.2.2 (Python 3.8.5 on linux)" generated="20201129 15:54:43.651" rpa="false">
<suite id="s1" name="Brute Force Login" source="/home/tkacza/AAA/programing/DormNotebooks/robot/Tests/security/brute_force_login.robot">
<test id="s1-t1" name="Brute force">
<kw name="Open Browser" library="SeleniumLibrary">
<doc>Opens a new browser instance to the optional ``url``.</doc>
<arguments>
<arg>http://0.0.0.0:8000</arg>
<arg>firefox</arg>
</arguments>
<msg timestamp="20201129 15:54:43.814" level="INFO">Opening browser 'firefox' to base url 'http://0.0.0.0:8000'.</msg>
<msg timestamp="20201129 15:54:43.815" level="INFO">Firefox driver log is always forced to to: /home/tkacza/AAA/programing/DormNotebooks/robot/Tests/security/geckodriver-1.log</msg>
<status status="PASS" starttime="20201129 15:54:43.813" endtime="20201129 15:54:47.224"></status>
</kw>
<kw name="Click Button" library="SeleniumLibrary">
<doc>Clicks the button identified by ``locator``.</doc>
<arguments>
<arg>xpath=/html/body/div/section/div/div[1]/form/button</arg>
</arguments>
<msg timestamp="20201129 15:54:47.225" level="INFO">Clicking button 'xpath=/html/body/div/section/div/div[1]/form/button'.</msg>
<status status="PASS" starttime="20201129 15:54:47.224" endtime="20201129 15:54:47.397"></status>
</kw>
<kw name="Click Element" library="SeleniumLibrary">
<doc>Click the element identified by ``locator``.</doc>
<arguments>
<arg>xpath=//*[@id="id_dorms"]</arg>
</arguments>
<msg timestamp="20201129 15:54:47.398" level="INFO">Clicking element 'xpath=//*[@id="id_dorms"]'.</msg>
<status status="PASS" starttime="20201129 15:54:47.397" endtime="20201129 15:54:47.631"></status>
</kw>
<kw name="Wait Until Element Is Visible" library="SeleniumLibrary">
<doc>Waits until the element ``locator`` is visible.</doc>
<arguments>
<arg>xpath=/html/body/div/section/div/div/div/form/select/option[5]</arg>
</arguments>
<status status="PASS" starttime="20201129 15:54:47.631" endtime="20201129 15:54:47.657"></status>
</kw>
<kw name="Click Element" library="SeleniumLibrary">
<doc>Click the element identified by ``locator``.</doc>
<arguments>
<arg>xpath=/html/body/div/section/div/div/div/form/select/option[5]</arg>
</arguments>
<msg timestamp="20201129 15:54:47.658" level="INFO">Clicking element 'xpath=/html/body/div/section/div/div/div/form/select/option[5]'.</msg>
<status status="PASS" starttime="20201129 15:54:47.658" endtime="20201129 15:54:47.872"></status>
</kw>
<kw name="Create List" library="BuiltIn">
<doc>Returns a list containing given items.</doc>
<arguments>
<arg>pomidorowa1</arg>
<arg>pomidorowa2</arg>
<arg>pomidorowa3</arg>
</arguments>
<assign>
<var>@{Passwords}</var>
</assign>
<msg timestamp="20201129 15:54:47.873" level="INFO">@{Passwords} = [ pomidorowa1 | pomidorowa2 | pomidorowa3 ]</msg>
<status status="PASS" starttime="20201129 15:54:47.872" endtime="20201129 15:54:47.873"></status>
</kw>
<kw name="${Wrong Password} IN [ @{Passwords} ]" type="for">
<msg timestamp="20201129 15:54:47.874" level="WARN">Error in file '/home/tkacza/AAA/programing/DormNotebooks/robot/Tests/security/brute_force_login.robot' in FOR loop starting on line 19: For loop header ':FOR' is deprecated. Use 'FOR' instead.</msg>
<kw name="${Wrong Password} = pomidorowa1" type="foritem">
<kw name="Input Text" library="SeleniumLibrary">
<doc>Types the given ``text`` into the text field identified by ``locator``.</doc>
<arguments>
<arg>xpath=//*[@id="id_email"]</arg>
<arg>${user_name}</arg>
</arguments>
<msg timestamp="20201129 15:54:47.875" level="INFO">Typing text 'tomekkacza' into text field 'xpath=//*[@id="id_email"]'.</msg>
<status status="PASS" starttime="20201129 15:54:47.875" endtime="20201129 15:54:47.906"></status>
</kw>
<kw name="Input Password" library="SeleniumLibrary">
<doc>Types the given password into the text field identified by ``locator``.</doc>
<arguments>
<arg>xpath=//*[@id="id_password"]</arg>
<arg>${Wrong Password}</arg>
</arguments>
<msg timestamp="20201129 15:54:47.907" level="INFO">Typing password into text field 'xpath=//*[@id="id_password"]'.</msg>
<msg timestamp="20201129 15:54:47.915" level="INFO">Temporally setting log level to: NONE</msg>
<msg timestamp="20201129 15:54:47.928" level="INFO">Log level changed from NONE to INFO.</msg>
<status status="PASS" starttime="20201129 15:54:47.907" endtime="20201129 15:54:47.928"></status>
</kw>
<kw name="Click Button" library="SeleniumLibrary">
<doc>Clicks the button identified by ``locator``.</doc>
<arguments>
<arg>xpath=/html/body/div/section/div/div/div/form/input[4]</arg>
</arguments>
<msg timestamp="20201129 15:54:47.929" level="INFO">Clicking button 'xpath=/html/body/div/section/div/div/div/form/input[4]'.</msg>
<status status="PASS" starttime="20201129 15:54:47.929" endtime="20201129 15:54:48.150"></status>
</kw>
<status status="PASS" starttime="20201129 15:54:47.874" endtime="20201129 15:54:48.150"></status>
</kw>
<kw name="${Wrong Password} = pomidorowa2" type="foritem">
<kw name="Input Text" library="SeleniumLibrary">
<doc>Types the given ``text`` into the text field identified by ``locator``.</doc>
<arguments>
<arg>xpath=//*[@id="id_email"]</arg>
<arg>${user_name}</arg>
</arguments>
<msg timestamp="20201129 15:54:48.150" level="INFO">Typing text 'tomekkacza' into text field 'xpath=//*[@id="id_email"]'.</msg>
<status status="PASS" starttime="20201129 15:54:48.150" endtime="20201129 15:54:48.186"></status>
</kw>
<kw name="Input Password" library="SeleniumLibrary">
<doc>Types the given password into the text field identified by ``locator``.</doc>
<arguments>
<arg>xpath=//*[@id="id_password"]</arg>
<arg>${Wrong Password}</arg>
</arguments>
<msg timestamp="20201129 15:54:48.186" level="INFO">Typing password into text field 'xpath=//*[@id="id_password"]'.</msg>
<msg timestamp="20201129 15:54:48.196" level="INFO">Temporally setting log level to: NONE</msg>
<msg timestamp="20201129 15:54:48.207" level="INFO">Log level changed from NONE to INFO.</msg>
<status status="PASS" starttime="20201129 15:54:48.186" endtime="20201129 15:54:48.207"></status>
</kw>
<kw name="Click Button" library="SeleniumLibrary">
<doc>Clicks the button identified by ``locator``.</doc>
<arguments>
<arg>xpath=/html/body/div/section/div/div/div/form/input[4]</arg>
</arguments>
<msg timestamp="20201129 15:54:48.208" level="INFO">Clicking button 'xpath=/html/body/div/section/div/div/div/form/input[4]'.</msg>
<status status="PASS" starttime="20201129 15:54:48.208" endtime="20201129 15:54:48.450"></status>
</kw>
<status status="PASS" starttime="20201129 15:54:48.150" endtime="20201129 15:54:48.450"></status>
</kw>
<kw name="${Wrong Password} = pomidorowa3" type="foritem">
<kw name="Input Text" library="SeleniumLibrary">
<doc>Types the given ``text`` into the text field identified by ``locator``.</doc>
<arguments>
<arg>xpath=//*[@id="id_email"]</arg>
<arg>${user_name}</arg>
</arguments>
<msg timestamp="20201129 15:54:48.451" level="INFO">Typing text 'tomekkacza' into text field 'xpath=//*[@id="id_email"]'.</msg>
<status status="PASS" starttime="20201129 15:54:48.451" endtime="20201129 15:54:48.484"></status>
</kw>
<kw name="Input Password" library="SeleniumLibrary">
<doc>Types the given password into the text field identified by ``locator``.</doc>
<arguments>
<arg>xpath=//*[@id="id_password"]</arg>
<arg>${Wrong Password}</arg>
</arguments>
<msg timestamp="20201129 15:54:48.484" level="INFO">Typing password into text field 'xpath=//*[@id="id_password"]'.</msg>
<msg timestamp="20201129 15:54:48.498" level="INFO">Temporally setting log level to: NONE</msg>
<msg timestamp="20201129 15:54:48.510" level="INFO">Log level changed from NONE to INFO.</msg>
<status status="PASS" starttime="20201129 15:54:48.484" endtime="20201129 15:54:48.510"></status>
</kw>
<kw name="Click Button" library="SeleniumLibrary">
<doc>Clicks the button identified by ``locator``.</doc>
<arguments>
<arg>xpath=/html/body/div/section/div/div/div/form/input[4]</arg>
</arguments>
<msg timestamp="20201129 15:54:48.511" level="INFO">Clicking button 'xpath=/html/body/div/section/div/div/div/form/input[4]'.</msg>
<status status="PASS" starttime="20201129 15:54:48.510" endtime="20201129 15:54:48.694"></status>
</kw>
<status status="PASS" starttime="20201129 15:54:48.450" endtime="20201129 15:54:48.695"></status>
</kw>
<status status="PASS" starttime="20201129 15:54:47.873" endtime="20201129 15:54:48.695"></status>
</kw>
<kw name="Element Text Should Be" library="SeleniumLibrary">
<doc>Verifies that element ``locator`` contains exact the text ``expected``.</doc>
<arguments>
<arg>xpath=/html/body/div/section/div/div/div[2]/form/p</arg>
<arg>too many attempts wait a moment</arg>
</arguments>
<msg timestamp="20201129 15:54:48.695" level="INFO">Verifying element 'xpath=/html/body/div/section/div/div/div[2]/form/p' contains exact text 'too many attempts wait a moment'.</msg>
<status status="PASS" starttime="20201129 15:54:48.695" endtime="20201129 15:54:48.715"></status>
</kw>
<kw name="Input Text" library="SeleniumLibrary">
<doc>Types the given ``text`` into the text field identified by ``locator``.</doc>
<arguments>
<arg>xpath=//*[@id="id_email"]</arg>
<arg>${user_name}</arg>
</arguments>
<msg timestamp="20201129 15:54:48.716" level="INFO">Typing text 'tomekkacza' into text field 'xpath=//*[@id="id_email"]'.</msg>
<status status="PASS" starttime="20201129 15:54:48.715" endtime="20201129 15:54:48.743"></status>
</kw>
<kw name="Input Password" library="SeleniumLibrary">
<doc>Types the given password into the text field identified by ``locator``.</doc>
<arguments>
<arg>xpath=//*[@id="id_password"]</arg>
<arg>${password}</arg>
</arguments>
<msg timestamp="20201129 15:54:48.744" level="FAIL">Variable '${password}' not found. Did you mean:
    ${Passwords}
    ${Wrong Password}</msg>
<status status="FAIL" starttime="20201129 15:54:48.743" endtime="20201129 15:54:48.744"></status>
</kw>
<tags>
<tag>DEBUG</tag>
</tags>
<status status="FAIL" starttime="20201129 15:54:43.813" endtime="20201129 15:54:48.745" critical="yes">Variable '${password}' not found. Did you mean:
    ${Passwords}
    ${Wrong Password}</status>
</test>
<doc>Suite description</doc>
<status status="FAIL" starttime="20201129 15:54:43.653" endtime="20201129 15:54:48.746"></status>
</suite>
<statistics>
<total>
<stat pass="0" fail="1">Critical Tests</stat>
<stat pass="0" fail="1">All Tests</stat>
</total>
<tag>
<stat pass="0" fail="1">DEBUG</stat>
</tag>
<suite>
<stat pass="0" fail="1" id="s1" name="Brute Force Login">Brute Force Login</stat>
</suite>
</statistics>
<errors>
<msg timestamp="20201129 15:54:43.647" level="ERROR">Error in file '/home/tkacza/AAA/programing/DormNotebooks/robot/Tests/security/brute_force_login.robot' on line 6: Invalid variable name '${password} = pomidorowa'.</msg>
<msg timestamp="20201129 15:54:47.874" level="WARN">Error in file '/home/tkacza/AAA/programing/DormNotebooks/robot/Tests/security/brute_force_login.robot' in FOR loop starting on line 19: For loop header ':FOR' is deprecated. Use 'FOR' instead.</msg>
</errors>
</robot>
