<?xml version="1.0" encoding="UTF-8"?>
<robot generator="Robot 3.2.2 (Python 3.8.5 on linux)" generated="20210121 09:50:04.646" rpa="false">
<suite id="s1" name="Rent Vacume Cleaner" source="/home/tkacza/AAA/programing/DormNotebooks/robot/Presentation/rent_vacume_cleaner.robot">
<test id="s1-t1" name="Rent Prezentation">
<kw name="Startt" library="login">
<kw name="Open Browser" library="SeleniumLibrary">
<doc>Opens a new browser instance to the optional ``url``.</doc>
<arguments>
<arg>${login adress page}</arg>
<arg>firefox</arg>
</arguments>
<msg timestamp="20210121 09:50:04.773" level="INFO">Opening browser 'firefox' to base url 'http://127.0.0.1:8000/'.</msg>
<msg timestamp="20210121 09:50:04.773" level="INFO">Firefox driver log is always forced to to: /home/tkacza/AAA/programing/DormNotebooks/robot/Tests/geckodriver-6.log</msg>
<status status="PASS" starttime="20210121 09:50:04.773" endtime="20210121 09:50:06.961"></status>
</kw>
<kw name="Log out" library="login">
<kw name="Go To" library="SeleniumLibrary">
<doc>Navigates the current browser window to the provided ``url``.</doc>
<arguments>
<arg>${login adress page}logout</arg>
</arguments>
<msg timestamp="20210121 09:50:06.962" level="INFO">Opening url 'http://127.0.0.1:8000/logout'</msg>
<status status="PASS" starttime="20210121 09:50:06.962" endtime="20210121 09:50:07.079"></status>
</kw>
<status status="PASS" starttime="20210121 09:50:06.962" endtime="20210121 09:50:07.079"></status>
</kw>
<status status="PASS" starttime="20210121 09:50:04.772" endtime="20210121 09:50:07.080"></status>
</kw>
<kw name="Normal loging" library="login">
<arguments>
<arg>1</arg>
<arg>DS B1 Bydgoska</arg>
<arg>student1</arg>
<arg>pomidorowa</arg>
</arguments>
<kw name="Select organization" library="login">
<arguments>
<arg>${organization_id}</arg>
</arguments>
<kw name="Click Button" library="SeleniumLibrary">
<doc>Clicks the button identified by ``locator``.</doc>
<arguments>
<arg>xpath=/html/body/div/section/div/div[${organization}]/form/button</arg>
</arguments>
<msg timestamp="20210121 09:50:07.081" level="INFO">Clicking button 'xpath=/html/body/div/section/div/div[1]/form/button'.</msg>
<status status="PASS" starttime="20210121 09:50:07.081" endtime="20210121 09:50:07.217"></status>
</kw>
<status status="PASS" starttime="20210121 09:50:07.080" endtime="20210121 09:50:07.217"></status>
</kw>
<kw name="Input values to log in form and send it" library="login">
<arguments>
<arg>${dorm_name}</arg>
<arg>${login}</arg>
<arg>${password}</arg>
</arguments>
<kw name="Select Dorm" library="login">
<arguments>
<arg>${dorm_name}</arg>
</arguments>
<kw name="Select From List By Label" library="SeleniumLibrary">
<doc>Selects options from selection list ``locator`` by ``labels``.</doc>
<arguments>
<arg>xpath=/html/body/div/section/div/div/div/form/select</arg>
<arg>${dorm name}</arg>
</arguments>
<msg timestamp="20210121 09:50:07.218" level="INFO">Selecting options from selection list 'xpath=/html/body/div/section/div/div/div/form/select' by label DS B1 Bydgoska.</msg>
<status status="PASS" starttime="20210121 09:50:07.218" endtime="20210121 09:50:07.260"></status>
</kw>
<status status="PASS" starttime="20210121 09:50:07.218" endtime="20210121 09:50:07.260"></status>
</kw>
<kw name="Input Text" library="SeleniumLibrary">
<doc>Types the given ``text`` into the text field identified by ``locator``.</doc>
<arguments>
<arg>xpath=//*[@id="id_email"]</arg>
<arg>${user_name}</arg>
</arguments>
<msg timestamp="20210121 09:50:07.261" level="INFO">Typing text 'student1' into text field 'xpath=//*[@id="id_email"]'.</msg>
<status status="PASS" starttime="20210121 09:50:07.260" endtime="20210121 09:50:07.294"></status>
</kw>
<kw name="Input Password" library="SeleniumLibrary">
<doc>Types the given password into the text field identified by ``locator``.</doc>
<arguments>
<arg>xpath=//*[@id="id_password"]</arg>
<arg>${password}</arg>
</arguments>
<msg timestamp="20210121 09:50:07.294" level="INFO">Typing password into text field 'xpath=//*[@id="id_password"]'.</msg>
<msg timestamp="20210121 09:50:07.314" level="INFO">Temporally setting log level to: NONE</msg>
<msg timestamp="20210121 09:50:07.326" level="INFO">Log level changed from NONE to INFO.</msg>
<status status="PASS" starttime="20210121 09:50:07.294" endtime="20210121 09:50:07.326"></status>
</kw>
<kw name="Wait Until Page Contains Element" library="SeleniumLibrary">
<doc>Waits until the element ``locator`` appears on the current page.</doc>
<arguments>
<arg>xpath=/html/body/div/section/div/div/div/form/input[4]</arg>
</arguments>
<status status="PASS" starttime="20210121 09:50:07.326" endtime="20210121 09:50:07.330"></status>
</kw>
<kw name="Click Button" library="SeleniumLibrary">
<doc>Clicks the button identified by ``locator``.</doc>
<arguments>
<arg>xpath=/html/body/div/section/div/div/div/form/input[4]</arg>
</arguments>
<msg timestamp="20210121 09:50:07.331" level="INFO">Clicking button 'xpath=/html/body/div/section/div/div/div/form/input[4]'.</msg>
<status status="PASS" starttime="20210121 09:50:07.330" endtime="20210121 09:50:07.585"></status>
</kw>
<status status="PASS" starttime="20210121 09:50:07.217" endtime="20210121 09:50:07.585"></status>
</kw>
<kw name="Location Should Be" library="SeleniumLibrary">
<doc>Verifies that the current URL is exactly ``url``.</doc>
<arguments>
<arg>${successful adress page after login}</arg>
</arguments>
<msg timestamp="20210121 09:50:07.595" level="INFO">Current location is 'http://127.0.0.1:8000/choice/'.</msg>
<status status="PASS" starttime="20210121 09:50:07.585" endtime="20210121 09:50:07.595"></status>
</kw>
<status status="PASS" starttime="20210121 09:50:07.080" endtime="20210121 09:50:07.595"></status>
</kw>
<kw name="Pause Execution" library="Dialogs">
<doc>Pauses test execution until user clicks ``Ok`` button.</doc>
<status status="PASS" starttime="20210121 09:50:07.595" endtime="20210121 09:50:09.231"></status>
</kw>
<kw name="Go to the vacum cleaner rent page" library="rentt">
<kw name="Click Button" library="SeleniumLibrary">
<doc>Clicks the button identified by ``locator``.</doc>
<arguments>
<arg>xpath=/html/body/section/div/div/div[4]/form/button</arg>
</arguments>
<msg timestamp="20210121 09:50:09.233" level="INFO">Clicking button 'xpath=/html/body/section/div/div/div[4]/form/button'.</msg>
<status status="PASS" starttime="20210121 09:50:09.233" endtime="20210121 09:50:09.343"></status>
</kw>
<kw name="Wait Until Element Is Visible" library="SeleniumLibrary">
<doc>Waits until the element ``locator`` is visible.</doc>
<arguments>
<arg>xpath=/html/body/h2</arg>
</arguments>
<status status="PASS" starttime="20210121 09:50:09.343" endtime="20210121 09:50:09.370"></status>
</kw>
<status status="PASS" starttime="20210121 09:50:09.232" endtime="20210121 09:50:09.370"></status>
</kw>
<kw name="Pause Execution" library="Dialogs">
<doc>Pauses test execution until user clicks ``Ok`` button.</doc>
<status status="PASS" starttime="20210121 09:50:09.371" endtime="20210121 09:50:10.407"></status>
</kw>
<kw name="Choose item to rent" library="rentt">
<arguments>
<arg>2. odkurzacz</arg>
</arguments>
<kw name="Select From List By Label" library="SeleniumLibrary">
<doc>Selects options from selection list ``locator`` by ``labels``.</doc>
<arguments>
<arg>xpath=//*[@id="id_items"]</arg>
<arg>${number with item name}</arg>
</arguments>
<msg timestamp="20210121 09:50:10.409" level="INFO">Selecting options from selection list 'xpath=//*[@id="id_items"]' by label 2. odkurzacz.</msg>
<status status="PASS" starttime="20210121 09:50:10.408" endtime="20210121 09:50:10.651"></status>
</kw>
<status status="PASS" starttime="20210121 09:50:10.408" endtime="20210121 09:50:10.652"></status>
</kw>
<kw name="Pause Execution" library="Dialogs">
<doc>Pauses test execution until user clicks ``Ok`` button.</doc>
<status status="PASS" starttime="20210121 09:50:10.652" endtime="20210121 09:50:11.118"></status>
</kw>
<kw name="Rent selected item" library="rentt">
<kw name="Click Button" library="SeleniumLibrary">
<doc>Clicks the button identified by ``locator``.</doc>
<arguments>
<arg>xpath=/html/body/div[2]/form/button</arg>
</arguments>
<msg timestamp="20210121 09:50:11.120" level="INFO">Clicking button 'xpath=/html/body/div[2]/form/button'.</msg>
<status status="PASS" starttime="20210121 09:50:11.119" endtime="20210121 09:50:11.299"></status>
</kw>
<kw name="Wait Until Element Is Visible" library="SeleniumLibrary">
<doc>Waits until the element ``locator`` is visible.</doc>
<arguments>
<arg>xpath=/html/body/h2</arg>
</arguments>
<status status="PASS" starttime="20210121 09:50:11.300" endtime="20210121 09:50:11.323"></status>
</kw>
<status status="PASS" starttime="20210121 09:50:11.119" endtime="20210121 09:50:11.323"></status>
</kw>
<kw name="Pause Execution" library="Dialogs">
<doc>Pauses test execution until user clicks ``Ok`` button.</doc>
<status status="PASS" starttime="20210121 09:50:11.323" endtime="20210121 09:50:11.807"></status>
</kw>
<kw name="Turn Back" library="rentt">
<kw name="Click Button" library="SeleniumLibrary">
<doc>Clicks the button identified by ``locator``.</doc>
<arguments>
<arg>xpath=/html/body/div[2]/form/button</arg>
</arguments>
<msg timestamp="20210121 09:50:11.808" level="INFO">Clicking button 'xpath=/html/body/div[2]/form/button'.</msg>
<status status="PASS" starttime="20210121 09:50:11.808" endtime="20210121 09:50:11.950"></status>
</kw>
<kw name="Page Should Contain Element" library="SeleniumLibrary">
<doc>Verifies that element ``locator`` is found on the current page.</doc>
<arguments>
<arg>xpath=//*[@id="id_items"]</arg>
</arguments>
<msg timestamp="20210121 09:50:11.953" level="INFO">Current page contains element 'xpath=//*[@id="id_items"]'.</msg>
<status status="PASS" starttime="20210121 09:50:11.950" endtime="20210121 09:50:11.953"></status>
</kw>
<kw name="Page Should Contain Element" library="SeleniumLibrary">
<doc>Verifies that element ``locator`` is found on the current page.</doc>
<arguments>
<arg>xpath=/html/body/div[2]/form/button</arg>
</arguments>
<msg timestamp="20210121 09:50:11.958" level="INFO">Current page contains element 'xpath=/html/body/div[2]/form/button'.</msg>
<status status="PASS" starttime="20210121 09:50:11.954" endtime="20210121 09:50:11.958"></status>
</kw>
<status status="PASS" starttime="20210121 09:50:11.807" endtime="20210121 09:50:11.959"></status>
</kw>
<kw name="Pause Execution" library="Dialogs">
<doc>Pauses test execution until user clicks ``Ok`` button.</doc>
<status status="PASS" starttime="20210121 09:50:11.959" endtime="20210121 09:50:12.471"></status>
</kw>
<kw name="Exitt" library="login">
<kw name="Log out" library="login">
<kw name="Go To" library="SeleniumLibrary">
<doc>Navigates the current browser window to the provided ``url``.</doc>
<arguments>
<arg>${login adress page}logout</arg>
</arguments>
<msg timestamp="20210121 09:50:12.474" level="INFO">Opening url 'http://127.0.0.1:8000/logout'</msg>
<status status="PASS" starttime="20210121 09:50:12.474" endtime="20210121 09:50:12.565"></status>
</kw>
<status status="PASS" starttime="20210121 09:50:12.473" endtime="20210121 09:50:12.566"></status>
</kw>
<kw name="Close Browser" library="SeleniumLibrary">
<doc>Closes the current browser.</doc>
<status status="PASS" starttime="20210121 09:50:12.566" endtime="20210121 09:50:12.957"></status>
</kw>
<status status="PASS" starttime="20210121 09:50:12.472" endtime="20210121 09:50:12.957"></status>
</kw>
<status status="PASS" starttime="20210121 09:50:04.772" endtime="20210121 09:50:12.958" critical="yes"></status>
</test>
<status status="PASS" starttime="20210121 09:50:04.647" endtime="20210121 09:50:12.958"></status>
</suite>
<statistics>
<total>
<stat pass="1" fail="0">Critical Tests</stat>
<stat pass="1" fail="0">All Tests</stat>
</total>
<tag>
</tag>
<suite>
<stat pass="1" fail="0" id="s1" name="Rent Vacume Cleaner">Rent Vacume Cleaner</stat>
</suite>
</statistics>
<errors>
</errors>
</robot>
