<?xml version="1.0" encoding="UTF-8"?>
<robot generator="Robot 3.2.2 (Python 3.8.5 on linux)" generated="20210120 13:28:36.921" rpa="false">
<suite id="s1" name="Login" source="/home/tkacza/AAA/programing/DormNotebooks/robot/Tests/security/login.robot">
<test id="s1-t1" name="Student logings">
<kw name="Startt" library="login" type="setup">
<kw name="Open Browser" library="SeleniumLibrary">
<doc>Opens a new browser instance to the optional ``url``.</doc>
<arguments>
<arg>${login adress page}</arg>
<arg>firefox</arg>
</arguments>
<msg timestamp="20210120 13:28:37.050" level="INFO">Opening browser 'firefox' to base url 'http://0.0.0.0:8000/'.</msg>
<msg timestamp="20210120 13:28:37.050" level="INFO">Firefox driver log is always forced to to: /home/tkacza/AAA/programing/DormNotebooks/robot/Tests/geckodriver-5.log</msg>
<status status="PASS" starttime="20210120 13:28:37.050" endtime="20210120 13:28:44.289"></status>
</kw>
<kw name="Log out" library="login">
<kw name="Go To" library="SeleniumLibrary">
<doc>Navigates the current browser window to the provided ``url``.</doc>
<arguments>
<arg>${login adress page}logout</arg>
</arguments>
<msg timestamp="20210120 13:28:44.291" level="INFO">Opening url 'http://0.0.0.0:8000/logout'</msg>
<status status="PASS" starttime="20210120 13:28:44.290" endtime="20210120 13:28:44.394"></status>
</kw>
<status status="PASS" starttime="20210120 13:28:44.290" endtime="20210120 13:28:44.394"></status>
</kw>
<status status="PASS" starttime="20210120 13:28:37.049" endtime="20210120 13:28:44.394"></status>
</kw>
<kw name="Normal loging" library="login">
<arguments>
<arg>1</arg>
<arg>DS B1 Bydgoska</arg>
<arg>student1</arg>
<arg>pomidorowa</arg>
</arguments>
<kw name="Select organization" library="login">
<arguments>
<arg>${organization_id}</arg>
</arguments>
<kw name="Click Button" library="SeleniumLibrary">
<doc>Clicks the button identified by ``locator``.</doc>
<arguments>
<arg>xpath=/html/body/div/section/div/div[${organization}]/form/button</arg>
</arguments>
<msg timestamp="20210120 13:28:44.396" level="INFO">Clicking button 'xpath=/html/body/div/section/div/div[1]/form/button'.</msg>
<status status="PASS" starttime="20210120 13:28:44.395" endtime="20210120 13:28:44.541"></status>
</kw>
<status status="PASS" starttime="20210120 13:28:44.395" endtime="20210120 13:28:44.541"></status>
</kw>
<kw name="Input values to log in form and send it" library="login">
<arguments>
<arg>${dorm_name}</arg>
<arg>${login}</arg>
<arg>${password}</arg>
</arguments>
<kw name="Select Dorm" library="login">
<arguments>
<arg>${dorm_name}</arg>
</arguments>
<kw name="Select From List By Label" library="SeleniumLibrary">
<doc>Selects options from selection list ``locator`` by ``labels``.</doc>
<arguments>
<arg>xpath=/html/body/div/section/div/div/div/form/select</arg>
<arg>${dorm name}</arg>
</arguments>
<msg timestamp="20210120 13:28:44.542" level="INFO">Selecting options from selection list 'xpath=/html/body/div/section/div/div/div/form/select' by label DS B1 Bydgoska.</msg>
<status status="PASS" starttime="20210120 13:28:44.542" endtime="20210120 13:28:44.575"></status>
</kw>
<status status="PASS" starttime="20210120 13:28:44.541" endtime="20210120 13:28:44.575"></status>
</kw>
<kw name="Input Text" library="SeleniumLibrary">
<doc>Types the given ``text`` into the text field identified by ``locator``.</doc>
<arguments>
<arg>xpath=//*[@id="id_email"]</arg>
<arg>${user_name}</arg>
</arguments>
<msg timestamp="20210120 13:28:44.576" level="INFO">Typing text 'student1' into text field 'xpath=//*[@id="id_email"]'.</msg>
<status status="PASS" starttime="20210120 13:28:44.575" endtime="20210120 13:28:44.612"></status>
</kw>
<kw name="Input Password" library="SeleniumLibrary">
<doc>Types the given password into the text field identified by ``locator``.</doc>
<arguments>
<arg>xpath=//*[@id="id_password"]</arg>
<arg>${password}</arg>
</arguments>
<msg timestamp="20210120 13:28:44.612" level="INFO">Typing password into text field 'xpath=//*[@id="id_password"]'.</msg>
<msg timestamp="20210120 13:28:44.624" level="INFO">Temporally setting log level to: NONE</msg>
<msg timestamp="20210120 13:28:44.635" level="INFO">Log level changed from NONE to INFO.</msg>
<status status="PASS" starttime="20210120 13:28:44.612" endtime="20210120 13:28:44.635"></status>
</kw>
<kw name="Wait Until Page Contains Element" library="SeleniumLibrary">
<doc>Waits until the element ``locator`` appears on the current page.</doc>
<arguments>
<arg>xpath=/html/body/div/section/div/div/div/form/input[4]</arg>
</arguments>
<status status="PASS" starttime="20210120 13:28:44.635" endtime="20210120 13:28:44.640"></status>
</kw>
<kw name="Click Button" library="SeleniumLibrary">
<doc>Clicks the button identified by ``locator``.</doc>
<arguments>
<arg>xpath=/html/body/div/section/div/div/div/form/input[4]</arg>
</arguments>
<msg timestamp="20210120 13:28:44.640" level="INFO">Clicking button 'xpath=/html/body/div/section/div/div/div/form/input[4]'.</msg>
<status status="PASS" starttime="20210120 13:28:44.640" endtime="20210120 13:28:44.935"></status>
</kw>
<status status="PASS" starttime="20210120 13:28:44.541" endtime="20210120 13:28:44.936"></status>
</kw>
<kw name="Location Should Be" library="SeleniumLibrary">
<doc>Verifies that the current URL is exactly ``url``.</doc>
<arguments>
<arg>${successful adress page after login}</arg>
</arguments>
<msg timestamp="20210120 13:28:44.942" level="INFO">Current location is 'http://0.0.0.0:8000/choice/'.</msg>
<status status="PASS" starttime="20210120 13:28:44.936" endtime="20210120 13:28:44.942"></status>
</kw>
<status status="PASS" starttime="20210120 13:28:44.394" endtime="20210120 13:28:44.943"></status>
</kw>
<kw name="Log out" library="login">
<kw name="Go To" library="SeleniumLibrary">
<doc>Navigates the current browser window to the provided ``url``.</doc>
<arguments>
<arg>${login adress page}logout</arg>
</arguments>
<msg timestamp="20210120 13:28:44.943" level="INFO">Opening url 'http://0.0.0.0:8000/logout'</msg>
<status status="PASS" starttime="20210120 13:28:44.943" endtime="20210120 13:28:45.023"></status>
</kw>
<status status="PASS" starttime="20210120 13:28:44.943" endtime="20210120 13:28:45.023"></status>
</kw>
<kw name="Student should not login to not associate dorm">
<arguments>
<arg>1</arg>
<arg>DS4 Balon</arg>
<arg>student1</arg>
<arg>pomidorowa</arg>
</arguments>
<kw name="Failed loging" library="login">
<arguments>
<arg>${organization_id}</arg>
<arg>${dorm_name}</arg>
<arg>${login}</arg>
<arg>${password}</arg>
</arguments>
<kw name="Select organization" library="login">
<arguments>
<arg>${organization_id}</arg>
</arguments>
<kw name="Click Button" library="SeleniumLibrary">
<doc>Clicks the button identified by ``locator``.</doc>
<arguments>
<arg>xpath=/html/body/div/section/div/div[${organization}]/form/button</arg>
</arguments>
<msg timestamp="20210120 13:28:45.025" level="INFO">Clicking button 'xpath=/html/body/div/section/div/div[1]/form/button'.</msg>
<status status="PASS" starttime="20210120 13:28:45.024" endtime="20210120 13:28:45.196"></status>
</kw>
<status status="PASS" starttime="20210120 13:28:45.024" endtime="20210120 13:28:45.196"></status>
</kw>
<kw name="Input values to log in form and send it" library="login">
<arguments>
<arg>${dorm_name}</arg>
<arg>${login}</arg>
<arg>${password}</arg>
</arguments>
<kw name="Select Dorm" library="login">
<arguments>
<arg>${dorm_name}</arg>
</arguments>
<kw name="Select From List By Label" library="SeleniumLibrary">
<doc>Selects options from selection list ``locator`` by ``labels``.</doc>
<arguments>
<arg>xpath=/html/body/div/section/div/div/div/form/select</arg>
<arg>${dorm name}</arg>
</arguments>
<msg timestamp="20210120 13:28:45.197" level="INFO">Selecting options from selection list 'xpath=/html/body/div/section/div/div/div/form/select' by label DS4 Balon.</msg>
<status status="PASS" starttime="20210120 13:28:45.197" endtime="20210120 13:28:45.433"></status>
</kw>
<status status="PASS" starttime="20210120 13:28:45.197" endtime="20210120 13:28:45.434"></status>
</kw>
<kw name="Input Text" library="SeleniumLibrary">
<doc>Types the given ``text`` into the text field identified by ``locator``.</doc>
<arguments>
<arg>xpath=//*[@id="id_email"]</arg>
<arg>${user_name}</arg>
</arguments>
<msg timestamp="20210120 13:28:45.434" level="INFO">Typing text 'student1' into text field 'xpath=//*[@id="id_email"]'.</msg>
<status status="PASS" starttime="20210120 13:28:45.434" endtime="20210120 13:28:45.459"></status>
</kw>
<kw name="Input Password" library="SeleniumLibrary">
<doc>Types the given password into the text field identified by ``locator``.</doc>
<arguments>
<arg>xpath=//*[@id="id_password"]</arg>
<arg>${password}</arg>
</arguments>
<msg timestamp="20210120 13:28:45.459" level="INFO">Typing password into text field 'xpath=//*[@id="id_password"]'.</msg>
<msg timestamp="20210120 13:28:45.471" level="INFO">Temporally setting log level to: NONE</msg>
<msg timestamp="20210120 13:28:45.484" level="INFO">Log level changed from NONE to INFO.</msg>
<status status="PASS" starttime="20210120 13:28:45.459" endtime="20210120 13:28:45.484"></status>
</kw>
<kw name="Wait Until Page Contains Element" library="SeleniumLibrary">
<doc>Waits until the element ``locator`` appears on the current page.</doc>
<arguments>
<arg>xpath=/html/body/div/section/div/div/div/form/input[4]</arg>
</arguments>
<status status="PASS" starttime="20210120 13:28:45.484" endtime="20210120 13:28:45.490"></status>
</kw>
<kw name="Click Button" library="SeleniumLibrary">
<doc>Clicks the button identified by ``locator``.</doc>
<arguments>
<arg>xpath=/html/body/div/section/div/div/div/form/input[4]</arg>
</arguments>
<msg timestamp="20210120 13:28:45.491" level="INFO">Clicking button 'xpath=/html/body/div/section/div/div/div/form/input[4]'.</msg>
<status status="PASS" starttime="20210120 13:28:45.490" endtime="20210120 13:28:45.702"></status>
</kw>
<status status="PASS" starttime="20210120 13:28:45.196" endtime="20210120 13:28:45.702"></status>
</kw>
<kw name="Location Should Be" library="SeleniumLibrary">
<doc>Verifies that the current URL is exactly ``url``.</doc>
<arguments>
<arg>${login adress page}</arg>
</arguments>
<msg timestamp="20210120 13:28:45.705" level="INFO">Current location is 'http://0.0.0.0:8000/'.</msg>
<status status="PASS" starttime="20210120 13:28:45.703" endtime="20210120 13:28:45.705"></status>
</kw>
<status status="PASS" starttime="20210120 13:28:45.024" endtime="20210120 13:28:45.705"></status>
</kw>
<status status="PASS" starttime="20210120 13:28:45.023" endtime="20210120 13:28:45.705"></status>
</kw>
<kw name="Log out" library="login">
<kw name="Go To" library="SeleniumLibrary">
<doc>Navigates the current browser window to the provided ``url``.</doc>
<arguments>
<arg>${login adress page}logout</arg>
</arguments>
<msg timestamp="20210120 13:28:45.706" level="INFO">Opening url 'http://0.0.0.0:8000/logout'</msg>
<status status="PASS" starttime="20210120 13:28:45.706" endtime="20210120 13:28:45.776"></status>
</kw>
<status status="PASS" starttime="20210120 13:28:45.705" endtime="20210120 13:28:45.777"></status>
</kw>
<kw name="Student should not login to not associate organization">
<arguments>
<arg>2</arg>
<arg>Piast</arg>
<arg>student1</arg>
<arg>pomidorowa</arg>
</arguments>
<kw name="Failed loging" library="login">
<arguments>
<arg>2</arg>
<arg>Piast</arg>
<arg>student1</arg>
<arg>pomidorowa</arg>
</arguments>
<kw name="Select organization" library="login">
<arguments>
<arg>${organization_id}</arg>
</arguments>
<kw name="Click Button" library="SeleniumLibrary">
<doc>Clicks the button identified by ``locator``.</doc>
<arguments>
<arg>xpath=/html/body/div/section/div/div[${organization}]/form/button</arg>
</arguments>
<msg timestamp="20210120 13:28:45.778" level="INFO">Clicking button 'xpath=/html/body/div/section/div/div[2]/form/button'.</msg>
<status status="PASS" starttime="20210120 13:28:45.778" endtime="20210120 13:28:45.938"></status>
</kw>
<status status="PASS" starttime="20210120 13:28:45.778" endtime="20210120 13:28:45.938"></status>
</kw>
<kw name="Input values to log in form and send it" library="login">
<arguments>
<arg>${dorm_name}</arg>
<arg>${login}</arg>
<arg>${password}</arg>
</arguments>
<kw name="Select Dorm" library="login">
<arguments>
<arg>${dorm_name}</arg>
</arguments>
<kw name="Select From List By Label" library="SeleniumLibrary">
<doc>Selects options from selection list ``locator`` by ``labels``.</doc>
<arguments>
<arg>xpath=/html/body/div/section/div/div/div/form/select</arg>
<arg>${dorm name}</arg>
</arguments>
<msg timestamp="20210120 13:28:45.939" level="INFO">Selecting options from selection list 'xpath=/html/body/div/section/div/div/div/form/select' by label Piast.</msg>
<status status="PASS" starttime="20210120 13:28:45.939" endtime="20210120 13:28:46.176"></status>
</kw>
<status status="PASS" starttime="20210120 13:28:45.939" endtime="20210120 13:28:46.177"></status>
</kw>
<kw name="Input Text" library="SeleniumLibrary">
<doc>Types the given ``text`` into the text field identified by ``locator``.</doc>
<arguments>
<arg>xpath=//*[@id="id_email"]</arg>
<arg>${user_name}</arg>
</arguments>
<msg timestamp="20210120 13:28:46.177" level="INFO">Typing text 'student1' into text field 'xpath=//*[@id="id_email"]'.</msg>
<status status="PASS" starttime="20210120 13:28:46.177" endtime="20210120 13:28:46.198"></status>
</kw>
<kw name="Input Password" library="SeleniumLibrary">
<doc>Types the given password into the text field identified by ``locator``.</doc>
<arguments>
<arg>xpath=//*[@id="id_password"]</arg>
<arg>${password}</arg>
</arguments>
<msg timestamp="20210120 13:28:46.199" level="INFO">Typing password into text field 'xpath=//*[@id="id_password"]'.</msg>
<msg timestamp="20210120 13:28:46.210" level="INFO">Temporally setting log level to: NONE</msg>
<msg timestamp="20210120 13:28:46.223" level="INFO">Log level changed from NONE to INFO.</msg>
<status status="PASS" starttime="20210120 13:28:46.198" endtime="20210120 13:28:46.223"></status>
</kw>
<kw name="Wait Until Page Contains Element" library="SeleniumLibrary">
<doc>Waits until the element ``locator`` appears on the current page.</doc>
<arguments>
<arg>xpath=/html/body/div/section/div/div/div/form/input[4]</arg>
</arguments>
<status status="PASS" starttime="20210120 13:28:46.223" endtime="20210120 13:28:46.226"></status>
</kw>
<kw name="Click Button" library="SeleniumLibrary">
<doc>Clicks the button identified by ``locator``.</doc>
<arguments>
<arg>xpath=/html/body/div/section/div/div/div/form/input[4]</arg>
</arguments>
<msg timestamp="20210120 13:28:46.226" level="INFO">Clicking button 'xpath=/html/body/div/section/div/div/div/form/input[4]'.</msg>
<status status="PASS" starttime="20210120 13:28:46.226" endtime="20210120 13:28:46.438"></status>
</kw>
<status status="PASS" starttime="20210120 13:28:45.938" endtime="20210120 13:28:46.438"></status>
</kw>
<kw name="Location Should Be" library="SeleniumLibrary">
<doc>Verifies that the current URL is exactly ``url``.</doc>
<arguments>
<arg>${login adress page}</arg>
</arguments>
<msg timestamp="20210120 13:28:46.441" level="INFO">Current location is 'http://0.0.0.0:8000/'.</msg>
<status status="PASS" starttime="20210120 13:28:46.439" endtime="20210120 13:28:46.441"></status>
</kw>
<status status="PASS" starttime="20210120 13:28:45.777" endtime="20210120 13:28:46.442"></status>
</kw>
<status status="PASS" starttime="20210120 13:28:45.777" endtime="20210120 13:28:46.442"></status>
</kw>
<kw name="Exitt" library="login" type="teardown">
<kw name="Log out" library="login">
<kw name="Go To" library="SeleniumLibrary">
<doc>Navigates the current browser window to the provided ``url``.</doc>
<arguments>
<arg>${login adress page}logout</arg>
</arguments>
<msg timestamp="20210120 13:28:46.443" level="INFO">Opening url 'http://0.0.0.0:8000/logout'</msg>
<status status="PASS" starttime="20210120 13:28:46.443" endtime="20210120 13:28:46.542"></status>
</kw>
<status status="PASS" starttime="20210120 13:28:46.442" endtime="20210120 13:28:46.543"></status>
</kw>
<kw name="Close Browser" library="SeleniumLibrary">
<doc>Closes the current browser.</doc>
<status status="PASS" starttime="20210120 13:28:46.543" endtime="20210120 13:28:47.052"></status>
</kw>
<status status="PASS" starttime="20210120 13:28:46.442" endtime="20210120 13:28:47.052"></status>
</kw>
<status status="PASS" starttime="20210120 13:28:37.049" endtime="20210120 13:28:47.052" critical="yes"></status>
</test>
<test id="s1-t2" name="Overvisor Login">
<kw name="Startt" library="login" type="setup">
<kw name="Open Browser" library="SeleniumLibrary">
<doc>Opens a new browser instance to the optional ``url``.</doc>
<arguments>
<arg>${login adress page}</arg>
<arg>firefox</arg>
</arguments>
<msg timestamp="20210120 13:28:47.054" level="INFO">Opening browser 'firefox' to base url 'http://0.0.0.0:8000/'.</msg>
<msg timestamp="20210120 13:28:47.054" level="INFO">Firefox driver log is always forced to to: /home/tkacza/AAA/programing/DormNotebooks/robot/Tests/geckodriver-6.log</msg>
<status status="PASS" starttime="20210120 13:28:47.054" endtime="20210120 13:28:49.526"></status>
</kw>
<kw name="Log out" library="login">
<kw name="Go To" library="SeleniumLibrary">
<doc>Navigates the current browser window to the provided ``url``.</doc>
<arguments>
<arg>${login adress page}logout</arg>
</arguments>
<msg timestamp="20210120 13:28:49.527" level="INFO">Opening url 'http://0.0.0.0:8000/logout'</msg>
<status status="PASS" starttime="20210120 13:28:49.527" endtime="20210120 13:28:49.615"></status>
</kw>
<status status="PASS" starttime="20210120 13:28:49.527" endtime="20210120 13:28:49.615"></status>
</kw>
<status status="PASS" starttime="20210120 13:28:47.053" endtime="20210120 13:28:49.615"></status>
</kw>
<kw name="Normal loging" library="login">
<arguments>
<arg>1</arg>
<arg>DS B1 Bydgoska</arg>
<arg>supervisor1</arg>
<arg>pomidorowa</arg>
</arguments>
<kw name="Select organization" library="login">
<arguments>
<arg>${organization_id}</arg>
</arguments>
<kw name="Click Button" library="SeleniumLibrary">
<doc>Clicks the button identified by ``locator``.</doc>
<arguments>
<arg>xpath=/html/body/div/section/div/div[${organization}]/form/button</arg>
</arguments>
<msg timestamp="20210120 13:28:49.617" level="INFO">Clicking button 'xpath=/html/body/div/section/div/div[1]/form/button'.</msg>
<status status="PASS" starttime="20210120 13:28:49.617" endtime="20210120 13:28:49.825"></status>
</kw>
<status status="PASS" starttime="20210120 13:28:49.616" endtime="20210120 13:28:49.825"></status>
</kw>
<kw name="Input values to log in form and send it" library="login">
<arguments>
<arg>${dorm_name}</arg>
<arg>${login}</arg>
<arg>${password}</arg>
</arguments>
<kw name="Select Dorm" library="login">
<arguments>
<arg>${dorm_name}</arg>
</arguments>
<kw name="Select From List By Label" library="SeleniumLibrary">
<doc>Selects options from selection list ``locator`` by ``labels``.</doc>
<arguments>
<arg>xpath=/html/body/div/section/div/div/div/form/select</arg>
<arg>${dorm name}</arg>
</arguments>
<msg timestamp="20210120 13:28:49.827" level="INFO">Selecting options from selection list 'xpath=/html/body/div/section/div/div/div/form/select' by label DS B1 Bydgoska.</msg>
<status status="PASS" starttime="20210120 13:28:49.826" endtime="20210120 13:28:49.875"></status>
</kw>
<status status="PASS" starttime="20210120 13:28:49.826" endtime="20210120 13:28:49.875"></status>
</kw>
<kw name="Input Text" library="SeleniumLibrary">
<doc>Types the given ``text`` into the text field identified by ``locator``.</doc>
<arguments>
<arg>xpath=//*[@id="id_email"]</arg>
<arg>${user_name}</arg>
</arguments>
<msg timestamp="20210120 13:28:49.876" level="INFO">Typing text 'supervisor1' into text field 'xpath=//*[@id="id_email"]'.</msg>
<status status="PASS" starttime="20210120 13:28:49.875" endtime="20210120 13:28:49.908"></status>
</kw>
<kw name="Input Password" library="SeleniumLibrary">
<doc>Types the given password into the text field identified by ``locator``.</doc>
<arguments>
<arg>xpath=//*[@id="id_password"]</arg>
<arg>${password}</arg>
</arguments>
<msg timestamp="20210120 13:28:49.908" level="INFO">Typing password into text field 'xpath=//*[@id="id_password"]'.</msg>
<msg timestamp="20210120 13:28:49.922" level="INFO">Temporally setting log level to: NONE</msg>
<msg timestamp="20210120 13:28:49.931" level="INFO">Log level changed from NONE to INFO.</msg>
<status status="PASS" starttime="20210120 13:28:49.908" endtime="20210120 13:28:49.931"></status>
</kw>
<kw name="Wait Until Page Contains Element" library="SeleniumLibrary">
<doc>Waits until the element ``locator`` appears on the current page.</doc>
<arguments>
<arg>xpath=/html/body/div/section/div/div/div/form/input[4]</arg>
</arguments>
<status status="PASS" starttime="20210120 13:28:49.931" endtime="20210120 13:28:49.938"></status>
</kw>
<kw name="Click Button" library="SeleniumLibrary">
<doc>Clicks the button identified by ``locator``.</doc>
<arguments>
<arg>xpath=/html/body/div/section/div/div/div/form/input[4]</arg>
</arguments>
<msg timestamp="20210120 13:28:49.939" level="INFO">Clicking button 'xpath=/html/body/div/section/div/div/div/form/input[4]'.</msg>
<status status="PASS" starttime="20210120 13:28:49.938" endtime="20210120 13:28:50.173"></status>
</kw>
<status status="PASS" starttime="20210120 13:28:49.826" endtime="20210120 13:28:50.173"></status>
</kw>
<kw name="Location Should Be" library="SeleniumLibrary">
<doc>Verifies that the current URL is exactly ``url``.</doc>
<arguments>
<arg>${successful adress page after login}</arg>
</arguments>
<msg timestamp="20210120 13:28:50.178" level="INFO">Current location is 'http://0.0.0.0:8000/choice/'.</msg>
<status status="PASS" starttime="20210120 13:28:50.173" endtime="20210120 13:28:50.178"></status>
</kw>
<status status="PASS" starttime="20210120 13:28:49.616" endtime="20210120 13:28:50.179"></status>
</kw>
<kw name="Log out" library="login">
<kw name="Go To" library="SeleniumLibrary">
<doc>Navigates the current browser window to the provided ``url``.</doc>
<arguments>
<arg>${login adress page}logout</arg>
</arguments>
<msg timestamp="20210120 13:28:50.179" level="INFO">Opening url 'http://0.0.0.0:8000/logout'</msg>
<status status="PASS" starttime="20210120 13:28:50.179" endtime="20210120 13:28:50.263"></status>
</kw>
<status status="PASS" starttime="20210120 13:28:50.179" endtime="20210120 13:28:50.263"></status>
</kw>
<kw name="Overvisor can log in to any dorm in his organization">
<arguments>
<arg>1</arg>
<arg>DS4 Balon</arg>
<arg>supervisor1</arg>
<arg>pomidorowa</arg>
</arguments>
<kw name="Normal loging" library="login">
<arguments>
<arg>${organization_id}</arg>
<arg>${dorm_name}</arg>
<arg>${login}</arg>
<arg>${password}</arg>
</arguments>
<kw name="Select organization" library="login">
<arguments>
<arg>${organization_id}</arg>
</arguments>
<kw name="Click Button" library="SeleniumLibrary">
<doc>Clicks the button identified by ``locator``.</doc>
<arguments>
<arg>xpath=/html/body/div/section/div/div[${organization}]/form/button</arg>
</arguments>
<msg timestamp="20210120 13:28:50.265" level="INFO">Clicking button 'xpath=/html/body/div/section/div/div[1]/form/button'.</msg>
<status status="PASS" starttime="20210120 13:28:50.265" endtime="20210120 13:28:50.436"></status>
</kw>
<status status="PASS" starttime="20210120 13:28:50.265" endtime="20210120 13:28:50.436"></status>
</kw>
<kw name="Input values to log in form and send it" library="login">
<arguments>
<arg>${dorm_name}</arg>
<arg>${login}</arg>
<arg>${password}</arg>
</arguments>
<kw name="Select Dorm" library="login">
<arguments>
<arg>${dorm_name}</arg>
</arguments>
<kw name="Select From List By Label" library="SeleniumLibrary">
<doc>Selects options from selection list ``locator`` by ``labels``.</doc>
<arguments>
<arg>xpath=/html/body/div/section/div/div/div/form/select</arg>
<arg>${dorm name}</arg>
</arguments>
<msg timestamp="20210120 13:28:50.438" level="INFO">Selecting options from selection list 'xpath=/html/body/div/section/div/div/div/form/select' by label DS4 Balon.</msg>
<status status="PASS" starttime="20210120 13:28:50.437" endtime="20210120 13:28:50.675"></status>
</kw>
<status status="PASS" starttime="20210120 13:28:50.437" endtime="20210120 13:28:50.675"></status>
</kw>
<kw name="Input Text" library="SeleniumLibrary">
<doc>Types the given ``text`` into the text field identified by ``locator``.</doc>
<arguments>
<arg>xpath=//*[@id="id_email"]</arg>
<arg>${user_name}</arg>
</arguments>
<msg timestamp="20210120 13:28:50.676" level="INFO">Typing text 'supervisor1' into text field 'xpath=//*[@id="id_email"]'.</msg>
<status status="PASS" starttime="20210120 13:28:50.675" endtime="20210120 13:28:50.702"></status>
</kw>
<kw name="Input Password" library="SeleniumLibrary">
<doc>Types the given password into the text field identified by ``locator``.</doc>
<arguments>
<arg>xpath=//*[@id="id_password"]</arg>
<arg>${password}</arg>
</arguments>
<msg timestamp="20210120 13:28:50.703" level="INFO">Typing password into text field 'xpath=//*[@id="id_password"]'.</msg>
<msg timestamp="20210120 13:28:50.714" level="INFO">Temporally setting log level to: NONE</msg>
<msg timestamp="20210120 13:28:50.738" level="INFO">Log level changed from NONE to INFO.</msg>
<status status="PASS" starttime="20210120 13:28:50.703" endtime="20210120 13:28:50.738"></status>
</kw>
<kw name="Wait Until Page Contains Element" library="SeleniumLibrary">
<doc>Waits until the element ``locator`` appears on the current page.</doc>
<arguments>
<arg>xpath=/html/body/div/section/div/div/div/form/input[4]</arg>
</arguments>
<status status="PASS" starttime="20210120 13:28:50.738" endtime="20210120 13:28:50.743"></status>
</kw>
<kw name="Click Button" library="SeleniumLibrary">
<doc>Clicks the button identified by ``locator``.</doc>
<arguments>
<arg>xpath=/html/body/div/section/div/div/div/form/input[4]</arg>
</arguments>
<msg timestamp="20210120 13:28:50.744" level="INFO">Clicking button 'xpath=/html/body/div/section/div/div/div/form/input[4]'.</msg>
<status status="PASS" starttime="20210120 13:28:50.743" endtime="20210120 13:28:50.959"></status>
</kw>
<status status="PASS" starttime="20210120 13:28:50.436" endtime="20210120 13:28:50.959"></status>
</kw>
<kw name="Location Should Be" library="SeleniumLibrary">
<doc>Verifies that the current URL is exactly ``url``.</doc>
<arguments>
<arg>${successful adress page after login}</arg>
</arguments>
<msg timestamp="20210120 13:28:50.965" level="INFO">Current location is 'http://0.0.0.0:8000/choice/'.</msg>
<status status="PASS" starttime="20210120 13:28:50.960" endtime="20210120 13:28:50.965"></status>
</kw>
<status status="PASS" starttime="20210120 13:28:50.264" endtime="20210120 13:28:50.965"></status>
</kw>
<status status="PASS" starttime="20210120 13:28:50.264" endtime="20210120 13:28:50.965"></status>
</kw>
<kw name="Log out" library="login">
<kw name="Go To" library="SeleniumLibrary">
<doc>Navigates the current browser window to the provided ``url``.</doc>
<arguments>
<arg>${login adress page}logout</arg>
</arguments>
<msg timestamp="20210120 13:28:50.966" level="INFO">Opening url 'http://0.0.0.0:8000/logout'</msg>
<status status="PASS" starttime="20210120 13:28:50.966" endtime="20210120 13:28:51.109"></status>
</kw>
<status status="PASS" starttime="20210120 13:28:50.966" endtime="20210120 13:28:51.109"></status>
</kw>
<kw name="Overvisor should not login to not associate organization">
<arguments>
<arg>2</arg>
<arg>Piast</arg>
<arg>supervisor1</arg>
<arg>pomidorowa</arg>
</arguments>
<kw name="Failed loging" library="login">
<arguments>
<arg>${organization_id}</arg>
<arg>${dorm_name}</arg>
<arg>${login}</arg>
<arg>${password}</arg>
</arguments>
<kw name="Select organization" library="login">
<arguments>
<arg>${organization_id}</arg>
</arguments>
<kw name="Click Button" library="SeleniumLibrary">
<doc>Clicks the button identified by ``locator``.</doc>
<arguments>
<arg>xpath=/html/body/div/section/div/div[${organization}]/form/button</arg>
</arguments>
<msg timestamp="20210120 13:28:51.111" level="INFO">Clicking button 'xpath=/html/body/div/section/div/div[2]/form/button'.</msg>
<status status="PASS" starttime="20210120 13:28:51.111" endtime="20210120 13:28:51.219"></status>
</kw>
<status status="PASS" starttime="20210120 13:28:51.111" endtime="20210120 13:28:51.220"></status>
</kw>
<kw name="Input values to log in form and send it" library="login">
<arguments>
<arg>${dorm_name}</arg>
<arg>${login}</arg>
<arg>${password}</arg>
</arguments>
<kw name="Select Dorm" library="login">
<arguments>
<arg>${dorm_name}</arg>
</arguments>
<kw name="Select From List By Label" library="SeleniumLibrary">
<doc>Selects options from selection list ``locator`` by ``labels``.</doc>
<arguments>
<arg>xpath=/html/body/div/section/div/div/div/form/select</arg>
<arg>${dorm name}</arg>
</arguments>
<msg timestamp="20210120 13:28:51.222" level="INFO">Selecting options from selection list 'xpath=/html/body/div/section/div/div/div/form/select' by label Piast.</msg>
<status status="PASS" starttime="20210120 13:28:51.222" endtime="20210120 13:28:51.457"></status>
</kw>
<status status="PASS" starttime="20210120 13:28:51.222" endtime="20210120 13:28:51.457"></status>
</kw>
<kw name="Input Text" library="SeleniumLibrary">
<doc>Types the given ``text`` into the text field identified by ``locator``.</doc>
<arguments>
<arg>xpath=//*[@id="id_email"]</arg>
<arg>${user_name}</arg>
</arguments>
<msg timestamp="20210120 13:28:51.457" level="INFO">Typing text 'supervisor1' into text field 'xpath=//*[@id="id_email"]'.</msg>
<status status="PASS" starttime="20210120 13:28:51.457" endtime="20210120 13:28:51.479"></status>
</kw>
<kw name="Input Password" library="SeleniumLibrary">
<doc>Types the given password into the text field identified by ``locator``.</doc>
<arguments>
<arg>xpath=//*[@id="id_password"]</arg>
<arg>${password}</arg>
</arguments>
<msg timestamp="20210120 13:28:51.480" level="INFO">Typing password into text field 'xpath=//*[@id="id_password"]'.</msg>
<msg timestamp="20210120 13:28:51.493" level="INFO">Temporally setting log level to: NONE</msg>
<msg timestamp="20210120 13:28:51.507" level="INFO">Log level changed from NONE to INFO.</msg>
<status status="PASS" starttime="20210120 13:28:51.480" endtime="20210120 13:28:51.508"></status>
</kw>
<kw name="Wait Until Page Contains Element" library="SeleniumLibrary">
<doc>Waits until the element ``locator`` appears on the current page.</doc>
<arguments>
<arg>xpath=/html/body/div/section/div/div/div/form/input[4]</arg>
</arguments>
<status status="PASS" starttime="20210120 13:28:51.508" endtime="20210120 13:28:51.514"></status>
</kw>
<kw name="Click Button" library="SeleniumLibrary">
<doc>Clicks the button identified by ``locator``.</doc>
<arguments>
<arg>xpath=/html/body/div/section/div/div/div/form/input[4]</arg>
</arguments>
<msg timestamp="20210120 13:28:51.515" level="INFO">Clicking button 'xpath=/html/body/div/section/div/div/div/form/input[4]'.</msg>
<status status="PASS" starttime="20210120 13:28:51.514" endtime="20210120 13:28:51.778"></status>
</kw>
<status status="PASS" starttime="20210120 13:28:51.221" endtime="20210120 13:28:51.778"></status>
</kw>
<kw name="Location Should Be" library="SeleniumLibrary">
<doc>Verifies that the current URL is exactly ``url``.</doc>
<arguments>
<arg>${login adress page}</arg>
</arguments>
<msg timestamp="20210120 13:28:51.781" level="INFO">Current location is 'http://0.0.0.0:8000/'.</msg>
<status status="PASS" starttime="20210120 13:28:51.778" endtime="20210120 13:28:51.781"></status>
</kw>
<status status="PASS" starttime="20210120 13:28:51.110" endtime="20210120 13:28:51.781"></status>
</kw>
<status status="PASS" starttime="20210120 13:28:51.110" endtime="20210120 13:28:51.782"></status>
</kw>
<kw name="Exitt" library="login" type="teardown">
<kw name="Log out" library="login">
<kw name="Go To" library="SeleniumLibrary">
<doc>Navigates the current browser window to the provided ``url``.</doc>
<arguments>
<arg>${login adress page}logout</arg>
</arguments>
<msg timestamp="20210120 13:28:51.783" level="INFO">Opening url 'http://0.0.0.0:8000/logout'</msg>
<status status="PASS" starttime="20210120 13:28:51.783" endtime="20210120 13:28:51.912"></status>
</kw>
<status status="PASS" starttime="20210120 13:28:51.782" endtime="20210120 13:28:51.912"></status>
</kw>
<kw name="Close Browser" library="SeleniumLibrary">
<doc>Closes the current browser.</doc>
<status status="PASS" starttime="20210120 13:28:51.912" endtime="20210120 13:28:52.425"></status>
</kw>
<status status="PASS" starttime="20210120 13:28:51.782" endtime="20210120 13:28:52.425"></status>
</kw>
<status status="PASS" starttime="20210120 13:28:47.053" endtime="20210120 13:28:52.425" critical="yes"></status>
</test>
<test id="s1-t3" name="Admin Login">
<kw name="Startt" library="login" type="setup">
<kw name="Open Browser" library="SeleniumLibrary">
<doc>Opens a new browser instance to the optional ``url``.</doc>
<arguments>
<arg>${login adress page}</arg>
<arg>firefox</arg>
</arguments>
<msg timestamp="20210120 13:28:52.427" level="INFO">Opening browser 'firefox' to base url 'http://0.0.0.0:8000/'.</msg>
<msg timestamp="20210120 13:28:52.427" level="INFO">Firefox driver log is always forced to to: /home/tkacza/AAA/programing/DormNotebooks/robot/Tests/geckodriver-7.log</msg>
<status status="PASS" starttime="20210120 13:28:52.427" endtime="20210120 13:28:54.827"></status>
</kw>
<kw name="Log out" library="login">
<kw name="Go To" library="SeleniumLibrary">
<doc>Navigates the current browser window to the provided ``url``.</doc>
<arguments>
<arg>${login adress page}logout</arg>
</arguments>
<msg timestamp="20210120 13:28:54.828" level="INFO">Opening url 'http://0.0.0.0:8000/logout'</msg>
<status status="PASS" starttime="20210120 13:28:54.827" endtime="20210120 13:28:54.954"></status>
</kw>
<status status="PASS" starttime="20210120 13:28:54.827" endtime="20210120 13:28:54.954"></status>
</kw>
<status status="PASS" starttime="20210120 13:28:52.426" endtime="20210120 13:28:54.954"></status>
</kw>
<kw name="Admin should login any dorm">
<arguments>
<arg>1</arg>
<arg>DS B1 Bydgoska</arg>
<arg>tkacza</arg>
<arg>pomidorowa</arg>
</arguments>
<kw name="Normal loging" library="login">
<arguments>
<arg>${organization_id}</arg>
<arg>${dorm_name}</arg>
<arg>${login}</arg>
<arg>${password}</arg>
</arguments>
<kw name="Select organization" library="login">
<arguments>
<arg>${organization_id}</arg>
</arguments>
<kw name="Click Button" library="SeleniumLibrary">
<doc>Clicks the button identified by ``locator``.</doc>
<arguments>
<arg>xpath=/html/body/div/section/div/div[${organization}]/form/button</arg>
</arguments>
<msg timestamp="20210120 13:28:54.956" level="INFO">Clicking button 'xpath=/html/body/div/section/div/div[1]/form/button'.</msg>
<status status="PASS" starttime="20210120 13:28:54.955" endtime="20210120 13:28:55.105"></status>
</kw>
<status status="PASS" starttime="20210120 13:28:54.955" endtime="20210120 13:28:55.105"></status>
</kw>
<kw name="Input values to log in form and send it" library="login">
<arguments>
<arg>${dorm_name}</arg>
<arg>${login}</arg>
<arg>${password}</arg>
</arguments>
<kw name="Select Dorm" library="login">
<arguments>
<arg>${dorm_name}</arg>
</arguments>
<kw name="Select From List By Label" library="SeleniumLibrary">
<doc>Selects options from selection list ``locator`` by ``labels``.</doc>
<arguments>
<arg>xpath=/html/body/div/section/div/div/div/form/select</arg>
<arg>${dorm name}</arg>
</arguments>
<msg timestamp="20210120 13:28:55.106" level="INFO">Selecting options from selection list 'xpath=/html/body/div/section/div/div/div/form/select' by label DS B1 Bydgoska.</msg>
<status status="PASS" starttime="20210120 13:28:55.106" endtime="20210120 13:28:55.129"></status>
</kw>
<status status="PASS" starttime="20210120 13:28:55.105" endtime="20210120 13:28:55.129"></status>
</kw>
<kw name="Input Text" library="SeleniumLibrary">
<doc>Types the given ``text`` into the text field identified by ``locator``.</doc>
<arguments>
<arg>xpath=//*[@id="id_email"]</arg>
<arg>${user_name}</arg>
</arguments>
<msg timestamp="20210120 13:28:55.130" level="INFO">Typing text 'tkacza' into text field 'xpath=//*[@id="id_email"]'.</msg>
<status status="PASS" starttime="20210120 13:28:55.129" endtime="20210120 13:28:55.158"></status>
</kw>
<kw name="Input Password" library="SeleniumLibrary">
<doc>Types the given password into the text field identified by ``locator``.</doc>
<arguments>
<arg>xpath=//*[@id="id_password"]</arg>
<arg>${password}</arg>
</arguments>
<msg timestamp="20210120 13:28:55.159" level="INFO">Typing password into text field 'xpath=//*[@id="id_password"]'.</msg>
<msg timestamp="20210120 13:28:55.173" level="INFO">Temporally setting log level to: NONE</msg>
<msg timestamp="20210120 13:28:55.186" level="INFO">Log level changed from NONE to INFO.</msg>
<status status="PASS" starttime="20210120 13:28:55.158" endtime="20210120 13:28:55.186"></status>
</kw>
<kw name="Wait Until Page Contains Element" library="SeleniumLibrary">
<doc>Waits until the element ``locator`` appears on the current page.</doc>
<arguments>
<arg>xpath=/html/body/div/section/div/div/div/form/input[4]</arg>
</arguments>
<status status="PASS" starttime="20210120 13:28:55.187" endtime="20210120 13:28:55.190"></status>
</kw>
<kw name="Click Button" library="SeleniumLibrary">
<doc>Clicks the button identified by ``locator``.</doc>
<arguments>
<arg>xpath=/html/body/div/section/div/div/div/form/input[4]</arg>
</arguments>
<msg timestamp="20210120 13:28:55.191" level="INFO">Clicking button 'xpath=/html/body/div/section/div/div/div/form/input[4]'.</msg>
<status status="PASS" starttime="20210120 13:28:55.191" endtime="20210120 13:28:55.420"></status>
</kw>
<status status="PASS" starttime="20210120 13:28:55.105" endtime="20210120 13:28:55.420"></status>
</kw>
<kw name="Location Should Be" library="SeleniumLibrary">
<doc>Verifies that the current URL is exactly ``url``.</doc>
<arguments>
<arg>${successful adress page after login}</arg>
</arguments>
<msg timestamp="20210120 13:28:55.423" level="INFO">Current location is 'http://0.0.0.0:8000/choice/'.</msg>
<status status="PASS" starttime="20210120 13:28:55.420" endtime="20210120 13:28:55.423"></status>
</kw>
<status status="PASS" starttime="20210120 13:28:54.955" endtime="20210120 13:28:55.423"></status>
</kw>
<status status="PASS" starttime="20210120 13:28:54.954" endtime="20210120 13:28:55.423"></status>
</kw>
<kw name="Log out" library="login">
<kw name="Go To" library="SeleniumLibrary">
<doc>Navigates the current browser window to the provided ``url``.</doc>
<arguments>
<arg>${login adress page}logout</arg>
</arguments>
<msg timestamp="20210120 13:28:55.424" level="INFO">Opening url 'http://0.0.0.0:8000/logout'</msg>
<status status="PASS" starttime="20210120 13:28:55.424" endtime="20210120 13:28:55.576"></status>
</kw>
<status status="PASS" starttime="20210120 13:28:55.424" endtime="20210120 13:28:55.576"></status>
</kw>
<kw name="Admin should login any organization">
<arguments>
<arg>2</arg>
<arg>Piast</arg>
<arg>tkacza</arg>
<arg>pomidorowa</arg>
</arguments>
<kw name="Normal loging" library="login">
<arguments>
<arg>${organization_id}</arg>
<arg>${dorm_name}</arg>
<arg>${login}</arg>
<arg>${password}</arg>
</arguments>
<kw name="Select organization" library="login">
<arguments>
<arg>${organization_id}</arg>
</arguments>
<kw name="Click Button" library="SeleniumLibrary">
<doc>Clicks the button identified by ``locator``.</doc>
<arguments>
<arg>xpath=/html/body/div/section/div/div[${organization}]/form/button</arg>
</arguments>
<msg timestamp="20210120 13:28:55.578" level="INFO">Clicking button 'xpath=/html/body/div/section/div/div[2]/form/button'.</msg>
<status status="PASS" starttime="20210120 13:28:55.577" endtime="20210120 13:28:55.673"></status>
</kw>
<status status="PASS" starttime="20210120 13:28:55.577" endtime="20210120 13:28:55.674"></status>
</kw>
<kw name="Input values to log in form and send it" library="login">
<arguments>
<arg>${dorm_name}</arg>
<arg>${login}</arg>
<arg>${password}</arg>
</arguments>
<kw name="Select Dorm" library="login">
<arguments>
<arg>${dorm_name}</arg>
</arguments>
<kw name="Select From List By Label" library="SeleniumLibrary">
<doc>Selects options from selection list ``locator`` by ``labels``.</doc>
<arguments>
<arg>xpath=/html/body/div/section/div/div/div/form/select</arg>
<arg>${dorm name}</arg>
</arguments>
<msg timestamp="20210120 13:28:55.675" level="INFO">Selecting options from selection list 'xpath=/html/body/div/section/div/div/div/form/select' by label Piast.</msg>
<status status="PASS" starttime="20210120 13:28:55.674" endtime="20210120 13:28:55.915"></status>
</kw>
<status status="PASS" starttime="20210120 13:28:55.674" endtime="20210120 13:28:55.915"></status>
</kw>
<kw name="Input Text" library="SeleniumLibrary">
<doc>Types the given ``text`` into the text field identified by ``locator``.</doc>
<arguments>
<arg>xpath=//*[@id="id_email"]</arg>
<arg>${user_name}</arg>
</arguments>
<msg timestamp="20210120 13:28:55.916" level="INFO">Typing text 'tkacza' into text field 'xpath=//*[@id="id_email"]'.</msg>
<status status="PASS" starttime="20210120 13:28:55.916" endtime="20210120 13:28:55.939"></status>
</kw>
<kw name="Input Password" library="SeleniumLibrary">
<doc>Types the given password into the text field identified by ``locator``.</doc>
<arguments>
<arg>xpath=//*[@id="id_password"]</arg>
<arg>${password}</arg>
</arguments>
<msg timestamp="20210120 13:28:55.939" level="INFO">Typing password into text field 'xpath=//*[@id="id_password"]'.</msg>
<msg timestamp="20210120 13:28:55.950" level="INFO">Temporally setting log level to: NONE</msg>
<msg timestamp="20210120 13:28:55.962" level="INFO">Log level changed from NONE to INFO.</msg>
<status status="PASS" starttime="20210120 13:28:55.939" endtime="20210120 13:28:55.962"></status>
</kw>
<kw name="Wait Until Page Contains Element" library="SeleniumLibrary">
<doc>Waits until the element ``locator`` appears on the current page.</doc>
<arguments>
<arg>xpath=/html/body/div/section/div/div/div/form/input[4]</arg>
</arguments>
<status status="PASS" starttime="20210120 13:28:55.962" endtime="20210120 13:28:55.969"></status>
</kw>
<kw name="Click Button" library="SeleniumLibrary">
<doc>Clicks the button identified by ``locator``.</doc>
<arguments>
<arg>xpath=/html/body/div/section/div/div/div/form/input[4]</arg>
</arguments>
<msg timestamp="20210120 13:28:55.969" level="INFO">Clicking button 'xpath=/html/body/div/section/div/div/div/form/input[4]'.</msg>
<status status="PASS" starttime="20210120 13:28:55.969" endtime="20210120 13:28:56.203"></status>
</kw>
<status status="PASS" starttime="20210120 13:28:55.674" endtime="20210120 13:28:56.203"></status>
</kw>
<kw name="Location Should Be" library="SeleniumLibrary">
<doc>Verifies that the current URL is exactly ``url``.</doc>
<arguments>
<arg>${successful adress page after login}</arg>
</arguments>
<msg timestamp="20210120 13:28:56.206" level="INFO">Current location is 'http://0.0.0.0:8000/choice/'.</msg>
<status status="PASS" starttime="20210120 13:28:56.203" endtime="20210120 13:28:56.206"></status>
</kw>
<status status="PASS" starttime="20210120 13:28:55.576" endtime="20210120 13:28:56.206"></status>
</kw>
<status status="PASS" starttime="20210120 13:28:55.576" endtime="20210120 13:28:56.206"></status>
</kw>
<kw name="Exitt" library="login" type="teardown">
<kw name="Log out" library="login">
<kw name="Go To" library="SeleniumLibrary">
<doc>Navigates the current browser window to the provided ``url``.</doc>
<arguments>
<arg>${login adress page}logout</arg>
</arguments>
<msg timestamp="20210120 13:28:56.207" level="INFO">Opening url 'http://0.0.0.0:8000/logout'</msg>
<status status="PASS" starttime="20210120 13:28:56.207" endtime="20210120 13:28:56.341"></status>
</kw>
<status status="PASS" starttime="20210120 13:28:56.207" endtime="20210120 13:28:56.341"></status>
</kw>
<kw name="Close Browser" library="SeleniumLibrary">
<doc>Closes the current browser.</doc>
<status status="PASS" starttime="20210120 13:28:56.341" endtime="20210120 13:28:56.838"></status>
</kw>
<status status="PASS" starttime="20210120 13:28:56.206" endtime="20210120 13:28:56.839"></status>
</kw>
<status status="PASS" starttime="20210120 13:28:52.426" endtime="20210120 13:28:56.839" critical="yes"></status>
</test>
<test id="s1-t4" name="Brute force">
<kw name="Startt" library="login" type="setup">
<kw name="Open Browser" library="SeleniumLibrary">
<doc>Opens a new browser instance to the optional ``url``.</doc>
<arguments>
<arg>${login adress page}</arg>
<arg>firefox</arg>
</arguments>
<msg timestamp="20210120 13:28:56.842" level="INFO">Opening browser 'firefox' to base url 'http://0.0.0.0:8000/'.</msg>
<msg timestamp="20210120 13:28:56.842" level="INFO">Firefox driver log is always forced to to: /home/tkacza/AAA/programing/DormNotebooks/robot/Tests/geckodriver-8.log</msg>
<status status="PASS" starttime="20210120 13:28:56.841" endtime="20210120 13:28:59.163"></status>
</kw>
<kw name="Log out" library="login">
<kw name="Go To" library="SeleniumLibrary">
<doc>Navigates the current browser window to the provided ``url``.</doc>
<arguments>
<arg>${login adress page}logout</arg>
</arguments>
<msg timestamp="20210120 13:28:59.164" level="INFO">Opening url 'http://0.0.0.0:8000/logout'</msg>
<status status="PASS" starttime="20210120 13:28:59.163" endtime="20210120 13:28:59.237"></status>
</kw>
<status status="PASS" starttime="20210120 13:28:59.163" endtime="20210120 13:28:59.237"></status>
</kw>
<status status="PASS" starttime="20210120 13:28:56.841" endtime="20210120 13:28:59.237"></status>
</kw>
<kw name="Log out" library="login">
<kw name="Go To" library="SeleniumLibrary">
<doc>Navigates the current browser window to the provided ``url``.</doc>
<arguments>
<arg>${login adress page}logout</arg>
</arguments>
<msg timestamp="20210120 13:28:59.238" level="INFO">Opening url 'http://0.0.0.0:8000/logout'</msg>
<status status="PASS" starttime="20210120 13:28:59.238" endtime="20210120 13:28:59.316"></status>
</kw>
<status status="PASS" starttime="20210120 13:28:59.237" endtime="20210120 13:28:59.316"></status>
</kw>
<kw name="Normal loging" library="login">
<arguments>
<arg>1</arg>
<arg>DS B1 Bydgoska</arg>
<arg>student1</arg>
<arg>pomidorowa</arg>
</arguments>
<kw name="Select organization" library="login">
<arguments>
<arg>${organization_id}</arg>
</arguments>
<kw name="Click Button" library="SeleniumLibrary">
<doc>Clicks the button identified by ``locator``.</doc>
<arguments>
<arg>xpath=/html/body/div/section/div/div[${organization}]/form/button</arg>
</arguments>
<msg timestamp="20210120 13:28:59.317" level="INFO">Clicking button 'xpath=/html/body/div/section/div/div[1]/form/button'.</msg>
<status status="PASS" starttime="20210120 13:28:59.317" endtime="20210120 13:28:59.504"></status>
</kw>
<status status="PASS" starttime="20210120 13:28:59.317" endtime="20210120 13:28:59.504"></status>
</kw>
<kw name="Input values to log in form and send it" library="login">
<arguments>
<arg>${dorm_name}</arg>
<arg>${login}</arg>
<arg>${password}</arg>
</arguments>
<kw name="Select Dorm" library="login">
<arguments>
<arg>${dorm_name}</arg>
</arguments>
<kw name="Select From List By Label" library="SeleniumLibrary">
<doc>Selects options from selection list ``locator`` by ``labels``.</doc>
<arguments>
<arg>xpath=/html/body/div/section/div/div/div/form/select</arg>
<arg>${dorm name}</arg>
</arguments>
<msg timestamp="20210120 13:28:59.505" level="INFO">Selecting options from selection list 'xpath=/html/body/div/section/div/div/div/form/select' by label DS B1 Bydgoska.</msg>
<status status="PASS" starttime="20210120 13:28:59.505" endtime="20210120 13:28:59.545"></status>
</kw>
<status status="PASS" starttime="20210120 13:28:59.505" endtime="20210120 13:28:59.545"></status>
</kw>
<kw name="Input Text" library="SeleniumLibrary">
<doc>Types the given ``text`` into the text field identified by ``locator``.</doc>
<arguments>
<arg>xpath=//*[@id="id_email"]</arg>
<arg>${user_name}</arg>
</arguments>
<msg timestamp="20210120 13:28:59.546" level="INFO">Typing text 'student1' into text field 'xpath=//*[@id="id_email"]'.</msg>
<status status="PASS" starttime="20210120 13:28:59.545" endtime="20210120 13:28:59.594"></status>
</kw>
<kw name="Input Password" library="SeleniumLibrary">
<doc>Types the given password into the text field identified by ``locator``.</doc>
<arguments>
<arg>xpath=//*[@id="id_password"]</arg>
<arg>${password}</arg>
</arguments>
<msg timestamp="20210120 13:28:59.595" level="INFO">Typing password into text field 'xpath=//*[@id="id_password"]'.</msg>
<msg timestamp="20210120 13:28:59.608" level="INFO">Temporally setting log level to: NONE</msg>
<msg timestamp="20210120 13:28:59.619" level="INFO">Log level changed from NONE to INFO.</msg>
<status status="PASS" starttime="20210120 13:28:59.594" endtime="20210120 13:28:59.619"></status>
</kw>
<kw name="Wait Until Page Contains Element" library="SeleniumLibrary">
<doc>Waits until the element ``locator`` appears on the current page.</doc>
<arguments>
<arg>xpath=/html/body/div/section/div/div/div/form/input[4]</arg>
</arguments>
<status status="PASS" starttime="20210120 13:28:59.619" endtime="20210120 13:28:59.626"></status>
</kw>
<kw name="Click Button" library="SeleniumLibrary">
<doc>Clicks the button identified by ``locator``.</doc>
<arguments>
<arg>xpath=/html/body/div/section/div/div/div/form/input[4]</arg>
</arguments>
<msg timestamp="20210120 13:28:59.627" level="INFO">Clicking button 'xpath=/html/body/div/section/div/div/div/form/input[4]'.</msg>
<status status="PASS" starttime="20210120 13:28:59.627" endtime="20210120 13:28:59.897"></status>
</kw>
<status status="PASS" starttime="20210120 13:28:59.504" endtime="20210120 13:28:59.898"></status>
</kw>
<kw name="Location Should Be" library="SeleniumLibrary">
<doc>Verifies that the current URL is exactly ``url``.</doc>
<arguments>
<arg>${successful adress page after login}</arg>
</arguments>
<msg timestamp="20210120 13:28:59.902" level="INFO">Current location is 'http://0.0.0.0:8000/choice/'.</msg>
<status status="PASS" starttime="20210120 13:28:59.898" endtime="20210120 13:28:59.902"></status>
</kw>
<status status="PASS" starttime="20210120 13:28:59.316" endtime="20210120 13:28:59.902"></status>
</kw>
<kw name="Log out" library="login">
<kw name="Go To" library="SeleniumLibrary">
<doc>Navigates the current browser window to the provided ``url``.</doc>
<arguments>
<arg>${login adress page}logout</arg>
</arguments>
<msg timestamp="20210120 13:28:59.903" level="INFO">Opening url 'http://0.0.0.0:8000/logout'</msg>
<status status="PASS" starttime="20210120 13:28:59.902" endtime="20210120 13:29:00.035"></status>
</kw>
<status status="PASS" starttime="20210120 13:28:59.902" endtime="20210120 13:29:00.035"></status>
</kw>
<kw name="Select organization" library="login">
<arguments>
<arg>1</arg>
</arguments>
<kw name="Click Button" library="SeleniumLibrary">
<doc>Clicks the button identified by ``locator``.</doc>
<arguments>
<arg>xpath=/html/body/div/section/div/div[${organization}]/form/button</arg>
</arguments>
<msg timestamp="20210120 13:29:00.035" level="INFO">Clicking button 'xpath=/html/body/div/section/div/div[1]/form/button'.</msg>
<status status="PASS" starttime="20210120 13:29:00.035" endtime="20210120 13:29:00.158"></status>
</kw>
<status status="PASS" starttime="20210120 13:29:00.035" endtime="20210120 13:29:00.158"></status>
</kw>
<kw name="Try a few times give wrong password">
<arguments>
<arg>6</arg>
</arguments>
<kw name="${INDEX} IN RANGE [ 0 | ${times} ]" type="for">
<kw name="${INDEX} = 0" type="foritem">
<kw name="Input Text" library="SeleniumLibrary">
<doc>Types the given ``text`` into the text field identified by ``locator``.</doc>
<arguments>
<arg>xpath=//*[@id="id_email"]</arg>
<arg>${user_name}</arg>
</arguments>
<msg timestamp="20210120 13:29:00.159" level="INFO">Typing text 'tkacza' into text field 'xpath=//*[@id="id_email"]'.</msg>
<status status="PASS" starttime="20210120 13:29:00.159" endtime="20210120 13:29:00.183"></status>
</kw>
<kw name="Input Password" library="SeleniumLibrary">
<doc>Types the given password into the text field identified by ``locator``.</doc>
<arguments>
<arg>xpath=//*[@id="id_password"]</arg>
<arg>${Wrong Password}</arg>
</arguments>
<msg timestamp="20210120 13:29:00.184" level="INFO">Typing password into text field 'xpath=//*[@id="id_password"]'.</msg>
<msg timestamp="20210120 13:29:00.197" level="INFO">Temporally setting log level to: NONE</msg>
<msg timestamp="20210120 13:29:00.213" level="INFO">Log level changed from NONE to INFO.</msg>
<status status="PASS" starttime="20210120 13:29:00.184" endtime="20210120 13:29:00.213"></status>
</kw>
<kw name="Click Button" library="SeleniumLibrary">
<doc>Clicks the button identified by ``locator``.</doc>
<arguments>
<arg>xpath=/html/body/div/section/div/div/div/form/input[4]</arg>
</arguments>
<msg timestamp="20210120 13:29:00.214" level="INFO">Clicking button 'xpath=/html/body/div/section/div/div/div/form/input[4]'.</msg>
<status status="PASS" starttime="20210120 13:29:00.213" endtime="20210120 13:29:00.417"></status>
</kw>
<status status="PASS" starttime="20210120 13:29:00.158" endtime="20210120 13:29:00.417"></status>
</kw>
<kw name="${INDEX} = 1" type="foritem">
<kw name="Input Text" library="SeleniumLibrary">
<doc>Types the given ``text`` into the text field identified by ``locator``.</doc>
<arguments>
<arg>xpath=//*[@id="id_email"]</arg>
<arg>${user_name}</arg>
</arguments>
<msg timestamp="20210120 13:29:00.417" level="INFO">Typing text 'tkacza' into text field 'xpath=//*[@id="id_email"]'.</msg>
<status status="PASS" starttime="20210120 13:29:00.417" endtime="20210120 13:29:00.445"></status>
</kw>
<kw name="Input Password" library="SeleniumLibrary">
<doc>Types the given password into the text field identified by ``locator``.</doc>
<arguments>
<arg>xpath=//*[@id="id_password"]</arg>
<arg>${Wrong Password}</arg>
</arguments>
<msg timestamp="20210120 13:29:00.445" level="INFO">Typing password into text field 'xpath=//*[@id="id_password"]'.</msg>
<msg timestamp="20210120 13:29:00.460" level="INFO">Temporally setting log level to: NONE</msg>
<msg timestamp="20210120 13:29:00.475" level="INFO">Log level changed from NONE to INFO.</msg>
<status status="PASS" starttime="20210120 13:29:00.445" endtime="20210120 13:29:00.475"></status>
</kw>
<kw name="Click Button" library="SeleniumLibrary">
<doc>Clicks the button identified by ``locator``.</doc>
<arguments>
<arg>xpath=/html/body/div/section/div/div/div/form/input[4]</arg>
</arguments>
<msg timestamp="20210120 13:29:00.476" level="INFO">Clicking button 'xpath=/html/body/div/section/div/div/div/form/input[4]'.</msg>
<status status="PASS" starttime="20210120 13:29:00.475" endtime="20210120 13:29:00.741"></status>
</kw>
<status status="PASS" starttime="20210120 13:29:00.417" endtime="20210120 13:29:00.741"></status>
</kw>
<kw name="${INDEX} = 2" type="foritem">
<kw name="Input Text" library="SeleniumLibrary">
<doc>Types the given ``text`` into the text field identified by ``locator``.</doc>
<arguments>
<arg>xpath=//*[@id="id_email"]</arg>
<arg>${user_name}</arg>
</arguments>
<msg timestamp="20210120 13:29:00.742" level="INFO">Typing text 'tkacza' into text field 'xpath=//*[@id="id_email"]'.</msg>
<status status="PASS" starttime="20210120 13:29:00.742" endtime="20210120 13:29:00.765"></status>
</kw>
<kw name="Input Password" library="SeleniumLibrary">
<doc>Types the given password into the text field identified by ``locator``.</doc>
<arguments>
<arg>xpath=//*[@id="id_password"]</arg>
<arg>${Wrong Password}</arg>
</arguments>
<msg timestamp="20210120 13:29:00.766" level="INFO">Typing password into text field 'xpath=//*[@id="id_password"]'.</msg>
<msg timestamp="20210120 13:29:00.773" level="INFO">Temporally setting log level to: NONE</msg>
<msg timestamp="20210120 13:29:00.790" level="INFO">Log level changed from NONE to INFO.</msg>
<status status="PASS" starttime="20210120 13:29:00.765" endtime="20210120 13:29:00.790"></status>
</kw>
<kw name="Click Button" library="SeleniumLibrary">
<doc>Clicks the button identified by ``locator``.</doc>
<arguments>
<arg>xpath=/html/body/div/section/div/div/div/form/input[4]</arg>
</arguments>
<msg timestamp="20210120 13:29:00.790" level="INFO">Clicking button 'xpath=/html/body/div/section/div/div/div/form/input[4]'.</msg>
<status status="PASS" starttime="20210120 13:29:00.790" endtime="20210120 13:29:00.995"></status>
</kw>
<status status="PASS" starttime="20210120 13:29:00.742" endtime="20210120 13:29:00.995"></status>
</kw>
<kw name="${INDEX} = 3" type="foritem">
<kw name="Input Text" library="SeleniumLibrary">
<doc>Types the given ``text`` into the text field identified by ``locator``.</doc>
<arguments>
<arg>xpath=//*[@id="id_email"]</arg>
<arg>${user_name}</arg>
</arguments>
<msg timestamp="20210120 13:29:00.996" level="INFO">Typing text 'tkacza' into text field 'xpath=//*[@id="id_email"]'.</msg>
<status status="PASS" starttime="20210120 13:29:00.995" endtime="20210120 13:29:01.024"></status>
</kw>
<kw name="Input Password" library="SeleniumLibrary">
<doc>Types the given password into the text field identified by ``locator``.</doc>
<arguments>
<arg>xpath=//*[@id="id_password"]</arg>
<arg>${Wrong Password}</arg>
</arguments>
<msg timestamp="20210120 13:29:01.024" level="INFO">Typing password into text field 'xpath=//*[@id="id_password"]'.</msg>
<msg timestamp="20210120 13:29:01.036" level="INFO">Temporally setting log level to: NONE</msg>
<msg timestamp="20210120 13:29:01.055" level="INFO">Log level changed from NONE to INFO.</msg>
<status status="PASS" starttime="20210120 13:29:01.024" endtime="20210120 13:29:01.055"></status>
</kw>
<kw name="Click Button" library="SeleniumLibrary">
<doc>Clicks the button identified by ``locator``.</doc>
<arguments>
<arg>xpath=/html/body/div/section/div/div/div/form/input[4]</arg>
</arguments>
<msg timestamp="20210120 13:29:01.056" level="INFO">Clicking button 'xpath=/html/body/div/section/div/div/div/form/input[4]'.</msg>
<status status="PASS" starttime="20210120 13:29:01.055" endtime="20210120 13:29:01.253"></status>
</kw>
<status status="PASS" starttime="20210120 13:29:00.995" endtime="20210120 13:29:01.253"></status>
</kw>
<kw name="${INDEX} = 4" type="foritem">
<kw name="Input Text" library="SeleniumLibrary">
<doc>Types the given ``text`` into the text field identified by ``locator``.</doc>
<arguments>
<arg>xpath=//*[@id="id_email"]</arg>
<arg>${user_name}</arg>
</arguments>
<msg timestamp="20210120 13:29:01.253" level="INFO">Typing text 'tkacza' into text field 'xpath=//*[@id="id_email"]'.</msg>
<status status="PASS" starttime="20210120 13:29:01.253" endtime="20210120 13:29:01.290"></status>
</kw>
<kw name="Input Password" library="SeleniumLibrary">
<doc>Types the given password into the text field identified by ``locator``.</doc>
<arguments>
<arg>xpath=//*[@id="id_password"]</arg>
<arg>${Wrong Password}</arg>
</arguments>
<msg timestamp="20210120 13:29:01.290" level="INFO">Typing password into text field 'xpath=//*[@id="id_password"]'.</msg>
<msg timestamp="20210120 13:29:01.307" level="INFO">Temporally setting log level to: NONE</msg>
<msg timestamp="20210120 13:29:01.326" level="INFO">Log level changed from NONE to INFO.</msg>
<status status="PASS" starttime="20210120 13:29:01.290" endtime="20210120 13:29:01.326"></status>
</kw>
<kw name="Click Button" library="SeleniumLibrary">
<doc>Clicks the button identified by ``locator``.</doc>
<arguments>
<arg>xpath=/html/body/div/section/div/div/div/form/input[4]</arg>
</arguments>
<msg timestamp="20210120 13:29:01.326" level="INFO">Clicking button 'xpath=/html/body/div/section/div/div/div/form/input[4]'.</msg>
<status status="PASS" starttime="20210120 13:29:01.326" endtime="20210120 13:29:01.568"></status>
</kw>
<status status="PASS" starttime="20210120 13:29:01.253" endtime="20210120 13:29:01.568"></status>
</kw>
<kw name="${INDEX} = 5" type="foritem">
<kw name="Input Text" library="SeleniumLibrary">
<doc>Types the given ``text`` into the text field identified by ``locator``.</doc>
<arguments>
<arg>xpath=//*[@id="id_email"]</arg>
<arg>${user_name}</arg>
</arguments>
<msg timestamp="20210120 13:29:01.569" level="INFO">Typing text 'tkacza' into text field 'xpath=//*[@id="id_email"]'.</msg>
<status status="PASS" starttime="20210120 13:29:01.569" endtime="20210120 13:29:01.599"></status>
</kw>
<kw name="Input Password" library="SeleniumLibrary">
<doc>Types the given password into the text field identified by ``locator``.</doc>
<arguments>
<arg>xpath=//*[@id="id_password"]</arg>
<arg>${Wrong Password}</arg>
</arguments>
<msg timestamp="20210120 13:29:01.600" level="INFO">Typing password into text field 'xpath=//*[@id="id_password"]'.</msg>
<msg timestamp="20210120 13:29:01.613" level="INFO">Temporally setting log level to: NONE</msg>
<msg timestamp="20210120 13:29:01.629" level="INFO">Log level changed from NONE to INFO.</msg>
<status status="PASS" starttime="20210120 13:29:01.599" endtime="20210120 13:29:01.629"></status>
</kw>
<kw name="Click Button" library="SeleniumLibrary">
<doc>Clicks the button identified by ``locator``.</doc>
<arguments>
<arg>xpath=/html/body/div/section/div/div/div/form/input[4]</arg>
</arguments>
<msg timestamp="20210120 13:29:01.629" level="INFO">Clicking button 'xpath=/html/body/div/section/div/div/div/form/input[4]'.</msg>
<status status="PASS" starttime="20210120 13:29:01.629" endtime="20210120 13:29:01.811"></status>
</kw>
<status status="PASS" starttime="20210120 13:29:01.569" endtime="20210120 13:29:01.812"></status>
</kw>
<status status="PASS" starttime="20210120 13:29:00.158" endtime="20210120 13:29:01.812"></status>
</kw>
<status status="PASS" starttime="20210120 13:29:00.158" endtime="20210120 13:29:01.812"></status>
</kw>
<kw name="Element Text Should Be" library="SeleniumLibrary">
<doc>Verifies that element ``locator`` contains exact the text ``expected``.</doc>
<arguments>
<arg>xpath=/html/body/div/section/div/div/div[2]/form/p</arg>
<arg>too many attempts wait a moment</arg>
</arguments>
<msg timestamp="20210120 13:29:01.812" level="INFO">Verifying element 'xpath=/html/body/div/section/div/div/div[2]/form/p' contains exact text 'too many attempts wait a moment'.</msg>
<status status="PASS" starttime="20210120 13:29:01.812" endtime="20210120 13:29:01.833"></status>
</kw>
<kw name="Close Browser" library="SeleniumLibrary">
<doc>Closes the current browser.</doc>
<status status="PASS" starttime="20210120 13:29:01.833" endtime="20210120 13:29:02.340"></status>
</kw>
<kw name="After a few seconds do login correct">
<arguments>
<arg>5</arg>
</arguments>
<kw name="Sleep" library="BuiltIn">
<doc>Pauses the test executed for the given time.</doc>
<arguments>
<arg>${seconds}</arg>
</arguments>
<msg timestamp="20210120 13:29:07.341" level="INFO">Slept 5 seconds</msg>
<status status="PASS" starttime="20210120 13:29:02.341" endtime="20210120 13:29:07.342"></status>
</kw>
<kw name="Startt" library="login">
<kw name="Open Browser" library="SeleniumLibrary">
<doc>Opens a new browser instance to the optional ``url``.</doc>
<arguments>
<arg>${login adress page}</arg>
<arg>firefox</arg>
</arguments>
<msg timestamp="20210120 13:29:07.344" level="INFO">Opening browser 'firefox' to base url 'http://0.0.0.0:8000/'.</msg>
<msg timestamp="20210120 13:29:07.345" level="INFO">Firefox driver log is always forced to to: /home/tkacza/AAA/programing/DormNotebooks/robot/Tests/geckodriver-9.log</msg>
<status status="PASS" starttime="20210120 13:29:07.343" endtime="20210120 13:29:09.550"></status>
</kw>
<kw name="Log out" library="login">
<kw name="Go To" library="SeleniumLibrary">
<doc>Navigates the current browser window to the provided ``url``.</doc>
<arguments>
<arg>${login adress page}logout</arg>
</arguments>
<msg timestamp="20210120 13:29:09.552" level="INFO">Opening url 'http://0.0.0.0:8000/logout'</msg>
<status status="PASS" starttime="20210120 13:29:09.551" endtime="20210120 13:29:09.632"></status>
</kw>
<status status="PASS" starttime="20210120 13:29:09.551" endtime="20210120 13:29:09.633"></status>
</kw>
<status status="PASS" starttime="20210120 13:29:07.342" endtime="20210120 13:29:09.633"></status>
</kw>
<kw name="Normal loging" library="login">
<arguments>
<arg>1</arg>
<arg>DS B1 Bydgoska</arg>
<arg>student1</arg>
<arg>pomidorowa</arg>
</arguments>
<kw name="Select organization" library="login">
<arguments>
<arg>${organization_id}</arg>
</arguments>
<kw name="Click Button" library="SeleniumLibrary">
<doc>Clicks the button identified by ``locator``.</doc>
<arguments>
<arg>xpath=/html/body/div/section/div/div[${organization}]/form/button</arg>
</arguments>
<msg timestamp="20210120 13:29:09.634" level="INFO">Clicking button 'xpath=/html/body/div/section/div/div[1]/form/button'.</msg>
<status status="PASS" starttime="20210120 13:29:09.634" endtime="20210120 13:29:09.796"></status>
</kw>
<status status="PASS" starttime="20210120 13:29:09.633" endtime="20210120 13:29:09.796"></status>
</kw>
<kw name="Input values to log in form and send it" library="login">
<arguments>
<arg>${dorm_name}</arg>
<arg>${login}</arg>
<arg>${password}</arg>
</arguments>
<kw name="Select Dorm" library="login">
<arguments>
<arg>${dorm_name}</arg>
</arguments>
<kw name="Select From List By Label" library="SeleniumLibrary">
<doc>Selects options from selection list ``locator`` by ``labels``.</doc>
<arguments>
<arg>xpath=/html/body/div/section/div/div/div/form/select</arg>
<arg>${dorm name}</arg>
</arguments>
<msg timestamp="20210120 13:29:09.797" level="INFO">Selecting options from selection list 'xpath=/html/body/div/section/div/div/div/form/select' by label DS B1 Bydgoska.</msg>
<status status="PASS" starttime="20210120 13:29:09.797" endtime="20210120 13:29:09.826"></status>
</kw>
<status status="PASS" starttime="20210120 13:29:09.796" endtime="20210120 13:29:09.826"></status>
</kw>
<kw name="Input Text" library="SeleniumLibrary">
<doc>Types the given ``text`` into the text field identified by ``locator``.</doc>
<arguments>
<arg>xpath=//*[@id="id_email"]</arg>
<arg>${user_name}</arg>
</arguments>
<msg timestamp="20210120 13:29:09.826" level="INFO">Typing text 'student1' into text field 'xpath=//*[@id="id_email"]'.</msg>
<status status="PASS" starttime="20210120 13:29:09.826" endtime="20210120 13:29:09.857"></status>
</kw>
<kw name="Input Password" library="SeleniumLibrary">
<doc>Types the given password into the text field identified by ``locator``.</doc>
<arguments>
<arg>xpath=//*[@id="id_password"]</arg>
<arg>${password}</arg>
</arguments>
<msg timestamp="20210120 13:29:09.858" level="INFO">Typing password into text field 'xpath=//*[@id="id_password"]'.</msg>
<msg timestamp="20210120 13:29:09.871" level="INFO">Temporally setting log level to: NONE</msg>
<msg timestamp="20210120 13:29:09.883" level="INFO">Log level changed from NONE to INFO.</msg>
<status status="PASS" starttime="20210120 13:29:09.857" endtime="20210120 13:29:09.883"></status>
</kw>
<kw name="Wait Until Page Contains Element" library="SeleniumLibrary">
<doc>Waits until the element ``locator`` appears on the current page.</doc>
<arguments>
<arg>xpath=/html/body/div/section/div/div/div/form/input[4]</arg>
</arguments>
<status status="PASS" starttime="20210120 13:29:09.883" endtime="20210120 13:29:09.890"></status>
</kw>
<kw name="Click Button" library="SeleniumLibrary">
<doc>Clicks the button identified by ``locator``.</doc>
<arguments>
<arg>xpath=/html/body/div/section/div/div/div/form/input[4]</arg>
</arguments>
<msg timestamp="20210120 13:29:09.891" level="INFO">Clicking button 'xpath=/html/body/div/section/div/div/div/form/input[4]'.</msg>
<status status="PASS" starttime="20210120 13:29:09.890" endtime="20210120 13:29:10.216"></status>
</kw>
<status status="PASS" starttime="20210120 13:29:09.796" endtime="20210120 13:29:10.217"></status>
</kw>
<kw name="Location Should Be" library="SeleniumLibrary">
<doc>Verifies that the current URL is exactly ``url``.</doc>
<arguments>
<arg>${successful adress page after login}</arg>
</arguments>
<msg timestamp="20210120 13:29:10.233" level="INFO">Current location is 'http://0.0.0.0:8000/choice/'.</msg>
<status status="PASS" starttime="20210120 13:29:10.217" endtime="20210120 13:29:10.234"></status>
</kw>
<status status="PASS" starttime="20210120 13:29:09.633" endtime="20210120 13:29:10.234"></status>
</kw>
<status status="PASS" starttime="20210120 13:29:02.340" endtime="20210120 13:29:10.234"></status>
</kw>
<kw name="Exitt" library="login" type="teardown">
<kw name="Log out" library="login">
<kw name="Go To" library="SeleniumLibrary">
<doc>Navigates the current browser window to the provided ``url``.</doc>
<arguments>
<arg>${login adress page}logout</arg>
</arguments>
<msg timestamp="20210120 13:29:10.236" level="INFO">Opening url 'http://0.0.0.0:8000/logout'</msg>
<status status="PASS" starttime="20210120 13:29:10.236" endtime="20210120 13:29:10.312"></status>
</kw>
<status status="PASS" starttime="20210120 13:29:10.235" endtime="20210120 13:29:10.313"></status>
</kw>
<kw name="Close Browser" library="SeleniumLibrary">
<doc>Closes the current browser.</doc>
<status status="PASS" starttime="20210120 13:29:10.313" endtime="20210120 13:29:10.810"></status>
</kw>
<status status="PASS" starttime="20210120 13:29:10.235" endtime="20210120 13:29:10.810"></status>
</kw>
<status status="PASS" starttime="20210120 13:28:56.840" endtime="20210120 13:29:10.810" critical="yes"></status>
</test>
<doc>Suite description</doc>
<status status="PASS" starttime="20210120 13:28:36.922" endtime="20210120 13:29:10.811"></status>
</suite>
<statistics>
<total>
<stat pass="4" fail="0">Critical Tests</stat>
<stat pass="4" fail="0">All Tests</stat>
</total>
<tag>
</tag>
<suite>
<stat pass="4" fail="0" id="s1" name="Login">Login</stat>
</suite>
</statistics>
<errors>
</errors>
</robot>
