<?xml version="1.0" encoding="UTF-8"?>
<robot generator="Robot 3.2.2 (Python 3.8.5 on linux)" generated="20201103 20:14:00.391" rpa="false">
<suite id="s1" name="Shortcut" source="/home/tkacza/AAA/programing/DormNotebooks/robot/Tests/shortcut.robot">
<test id="s1-t1" name="Shortcut">
<kw name="Log in">
<tags>
<tag>DEBUG</tag>
</tags>
<kw name="Open Browser" library="SeleniumLibrary">
<doc>Opens a new browser instance to the optional ``url``.</doc>
<arguments>
<arg>http://0.0.0.0:8000</arg>
<arg>firefox</arg>
</arguments>
<msg timestamp="20201103 20:14:00.506" level="INFO">Opening browser 'firefox' to base url 'http://0.0.0.0:8000'.</msg>
<msg timestamp="20201103 20:14:00.506" level="INFO">Firefox driver log is always forced to to: /home/tkacza/AAA/programing/DormNotebooks/robot/Tests/geckodriver-20.log</msg>
<status status="PASS" starttime="20201103 20:14:00.506" endtime="20201103 20:14:02.829"></status>
</kw>
<kw name="Click Button" library="SeleniumLibrary">
<doc>Clicks the button identified by ``locator``.</doc>
<arguments>
<arg>xpath=/html/body/div/section/div/div[1]/form/button</arg>
</arguments>
<msg timestamp="20201103 20:14:02.829" level="INFO">Clicking button 'xpath=/html/body/div/section/div/div[1]/form/button'.</msg>
<status status="PASS" starttime="20201103 20:14:02.829" endtime="20201103 20:14:02.987"></status>
</kw>
<kw name="Click Element" library="SeleniumLibrary">
<doc>Click the element identified by ``locator``.</doc>
<arguments>
<arg>xpath=//*[@id="id_dorms"]</arg>
</arguments>
<msg timestamp="20201103 20:14:02.987" level="INFO">Clicking element 'xpath=//*[@id="id_dorms"]'.</msg>
<status status="PASS" starttime="20201103 20:14:02.987" endtime="20201103 20:14:03.259"></status>
</kw>
<kw name="Wait Until Element Is Visible" library="SeleniumLibrary">
<doc>Waits until the element ``locator`` is visible.</doc>
<arguments>
<arg>xpath=/html/body/div/section/div/div/div/form/select/option[5]</arg>
</arguments>
<status status="PASS" starttime="20201103 20:14:03.259" endtime="20201103 20:14:03.284"></status>
</kw>
<kw name="Click Element" library="SeleniumLibrary">
<doc>Click the element identified by ``locator``.</doc>
<arguments>
<arg>xpath=/html/body/div/section/div/div/div/form/select/option[5]</arg>
</arguments>
<msg timestamp="20201103 20:14:03.285" level="INFO">Clicking element 'xpath=/html/body/div/section/div/div/div/form/select/option[5]'.</msg>
<status status="PASS" starttime="20201103 20:14:03.285" endtime="20201103 20:14:03.498"></status>
</kw>
<kw name="Input Text" library="SeleniumLibrary">
<doc>Types the given ``text`` into the text field identified by ``locator``.</doc>
<arguments>
<arg>xpath=//*[@id="id_email"]</arg>
<arg>${user_name}</arg>
</arguments>
<msg timestamp="20201103 20:14:03.498" level="INFO">Typing text 'tomekkacza' into text field 'xpath=//*[@id="id_email"]'.</msg>
<status status="PASS" starttime="20201103 20:14:03.498" endtime="20201103 20:14:03.531"></status>
</kw>
<kw name="Input Password" library="SeleniumLibrary">
<doc>Types the given password into the text field identified by ``locator``.</doc>
<arguments>
<arg>xpath=//*[@id="id_password"]</arg>
<arg>pomidorowa</arg>
</arguments>
<msg timestamp="20201103 20:14:03.532" level="INFO">Typing password into text field 'xpath=//*[@id="id_password"]'.</msg>
<msg timestamp="20201103 20:14:03.541" level="INFO">Temporally setting log level to: NONE</msg>
<msg timestamp="20201103 20:14:03.555" level="INFO">Log level changed from NONE to INFO.</msg>
<status status="PASS" starttime="20201103 20:14:03.531" endtime="20201103 20:14:03.555"></status>
</kw>
<kw name="Click Button" library="SeleniumLibrary">
<doc>Clicks the button identified by ``locator``.</doc>
<arguments>
<arg>xpath=/html/body/div/section/div/div/div/form/input[4]</arg>
</arguments>
<msg timestamp="20201103 20:14:03.555" level="INFO">Clicking button 'xpath=/html/body/div/section/div/div/div/form/input[4]'.</msg>
<status status="PASS" starttime="20201103 20:14:03.555" endtime="20201103 20:14:03.834"></status>
</kw>
<status status="PASS" starttime="20201103 20:14:00.505" endtime="20201103 20:14:03.835"></status>
</kw>
<kw name="Click Button" library="SeleniumLibrary">
<doc>Clicks the button identified by ``locator``.</doc>
<arguments>
<arg>xpath=/html/body/section/div/div/div[4]/form/button</arg>
</arguments>
<msg timestamp="20201103 20:14:03.835" level="INFO">Clicking button 'xpath=/html/body/section/div/div/div[4]/form/button'.</msg>
<status status="PASS" starttime="20201103 20:14:03.835" endtime="20201103 20:14:03.934"></status>
</kw>
<status status="PASS" starttime="20201103 20:14:00.505" endtime="20201103 20:14:03.934" critical="yes"></status>
</test>
<doc>Suite description</doc>
<status status="PASS" starttime="20201103 20:14:00.392" endtime="20201103 20:14:03.935"></status>
</suite>
<statistics>
<total>
<stat pass="1" fail="0">Critical Tests</stat>
<stat pass="1" fail="0">All Tests</stat>
</total>
<tag>
</tag>
<suite>
<stat pass="1" fail="0" id="s1" name="Shortcut">Shortcut</stat>
</suite>
</statistics>
<errors>
</errors>
</robot>
