<?xml version="1.0" encoding="UTF-8"?>
<robot generator="Robot 3.2.2 (Python 3.8.2 on linux)" generated="20201012 16:34:43.522" rpa="false">
<suite id="s1" name="Tests" source="/home/tkacza/AAA/programing/DormNotebooks/robot/Tests">
<suite id="s1-s1" name="Foo" source="/home/tkacza/AAA/programing/DormNotebooks/robot/Tests/foo.robot">
<test id="s1-s1-t1" name="foo aaaaaaaaaa">
<kw name="log in" library="res1" type="setup">
<arguments>
<arg>mieczyslawa</arg>
</arguments>
<kw name="Open Browser" library="SeleniumLibrary">
<doc>Opens a new browser instance to the optional ``url``.</doc>
<arguments>
<arg>http://0.0.0.0:8000</arg>
<arg>firefox</arg>
</arguments>
<msg timestamp="20201012 16:34:43.651" level="INFO">Opening browser 'firefox' to base url 'http://0.0.0.0:8000'.</msg>
<msg timestamp="20201012 16:34:43.652" level="INFO">Firefox driver log is always forced to to: /home/tkacza/AAA/programing/DormNotebooks/robot/Results/geckodriver-38.log</msg>
<status status="PASS" starttime="20201012 16:34:43.651" endtime="20201012 16:34:46.043"></status>
</kw>
<kw name="Click Button" library="SeleniumLibrary">
<doc>Clicks the button identified by ``locator``.</doc>
<arguments>
<arg>xpath=/html/body/div/section/div/div[1]/form/button</arg>
</arguments>
<msg timestamp="20201012 16:34:46.043" level="INFO">Clicking button 'xpath=/html/body/div/section/div/div[1]/form/button'.</msg>
<status status="PASS" starttime="20201012 16:34:46.043" endtime="20201012 16:34:46.247"></status>
</kw>
<kw name="Click Element" library="SeleniumLibrary">
<doc>Click the element identified by ``locator``.</doc>
<arguments>
<arg>xpath=//*[@id="id_dorms"]</arg>
</arguments>
<msg timestamp="20201012 16:34:46.247" level="INFO">Clicking element 'xpath=//*[@id="id_dorms"]'.</msg>
<status status="PASS" starttime="20201012 16:34:46.247" endtime="20201012 16:34:46.477"></status>
</kw>
<kw name="Wait Until Element Is Visible" library="SeleniumLibrary">
<doc>Waits until the element ``locator`` is visible.</doc>
<arguments>
<arg>xpath=/html/body/div/section/div/div/div/form/select/option[5]</arg>
</arguments>
<status status="PASS" starttime="20201012 16:34:46.477" endtime="20201012 16:34:46.502"></status>
</kw>
<kw name="Click Element" library="SeleniumLibrary">
<doc>Click the element identified by ``locator``.</doc>
<arguments>
<arg>xpath=/html/body/div/section/div/div/div/form/select/option[5]</arg>
</arguments>
<msg timestamp="20201012 16:34:46.502" level="INFO">Clicking element 'xpath=/html/body/div/section/div/div/div/form/select/option[5]'.</msg>
<status status="PASS" starttime="20201012 16:34:46.502" endtime="20201012 16:34:46.718"></status>
</kw>
<kw name="Input Text" library="SeleniumLibrary">
<doc>Types the given ``text`` into the text field identified by ``locator``.</doc>
<arguments>
<arg>xpath=//*[@id="id_email"]</arg>
<arg>${user_name}</arg>
</arguments>
<msg timestamp="20201012 16:34:46.718" level="INFO">Typing text 'mieczyslawa' into text field 'xpath=//*[@id="id_email"]'.</msg>
<status status="PASS" starttime="20201012 16:34:46.718" endtime="20201012 16:34:46.749"></status>
</kw>
<kw name="Input Password" library="SeleniumLibrary">
<doc>Types the given password into the text field identified by ``locator``.</doc>
<arguments>
<arg>xpath=//*[@id="id_password"]</arg>
<arg>pomidorowa</arg>
</arguments>
<msg timestamp="20201012 16:34:46.750" level="INFO">Typing password into text field 'xpath=//*[@id="id_password"]'.</msg>
<msg timestamp="20201012 16:34:46.760" level="INFO">Temporally setting log level to: NONE</msg>
<msg timestamp="20201012 16:34:46.776" level="INFO">Log level changed from NONE to INFO.</msg>
<status status="PASS" starttime="20201012 16:34:46.749" endtime="20201012 16:34:46.776"></status>
</kw>
<kw name="Click Button" library="SeleniumLibrary">
<doc>Clicks the button identified by ``locator``.</doc>
<arguments>
<arg>xpath=/html/body/div/section/div/div/div/form/input[4]</arg>
</arguments>
<msg timestamp="20201012 16:34:46.777" level="INFO">Clicking button 'xpath=/html/body/div/section/div/div/div/form/input[4]'.</msg>
<status status="PASS" starttime="20201012 16:34:46.776" endtime="20201012 16:34:47.053"></status>
</kw>
<status status="PASS" starttime="20201012 16:34:43.651" endtime="20201012 16:34:47.053"></status>
</kw>
<kw name="Click Button" library="SeleniumLibrary">
<doc>Clicks the button identified by ``locator``.</doc>
<arguments>
<arg>xpath=/html/body/section/div/div/div[4]/form/button</arg>
</arguments>
<msg timestamp="20201012 16:34:47.054" level="INFO">Clicking button 'xpath=/html/body/section/div/div/div[4]/form/button'.</msg>
<status status="PASS" starttime="20201012 16:34:47.054" endtime="20201012 16:34:47.173"></status>
</kw>
<kw name="Click Element" library="SeleniumLibrary">
<doc>Click the element identified by ``locator``.</doc>
<arguments>
<arg>xpath=/html/body/section/div/div/form/select</arg>
</arguments>
<msg timestamp="20201012 16:34:47.173" level="INFO">Clicking element 'xpath=/html/body/section/div/div/form/select'.</msg>
<status status="PASS" starttime="20201012 16:34:47.173" endtime="20201012 16:34:47.407"></status>
</kw>
<kw name="Wait Until Element Is Visible" library="SeleniumLibrary">
<doc>Waits until the element ``locator`` is visible.</doc>
<arguments>
<arg>xpath=/html/body/section/div/div/form/select/option[3]</arg>
</arguments>
<status status="PASS" starttime="20201012 16:34:47.407" endtime="20201012 16:34:47.430"></status>
</kw>
<kw name="Click Element" library="SeleniumLibrary">
<doc>Click the element identified by ``locator``.</doc>
<arguments>
<arg>xpath=/html/body/section/div/div/form/select/option[3]</arg>
</arguments>
<msg timestamp="20201012 16:34:47.430" level="INFO">Clicking element 'xpath=/html/body/section/div/div/form/select/option[3]'.</msg>
<status status="PASS" starttime="20201012 16:34:47.430" endtime="20201012 16:34:47.644"></status>
</kw>
<kw name="Click Button" library="SeleniumLibrary">
<doc>Clicks the button identified by ``locator``.</doc>
<arguments>
<arg>xpath=/html/body/section/div/div/form/input[2]</arg>
</arguments>
<msg timestamp="20201012 16:34:47.645" level="INFO">Clicking button 'xpath=/html/body/section/div/div/form/input[2]'.</msg>
<status status="PASS" starttime="20201012 16:34:47.645" endtime="20201012 16:34:47.747"></status>
</kw>
<kw name="Sleep" library="BuiltIn">
<doc>Pauses the test executed for the given time.</doc>
<arguments>
<arg>1s</arg>
</arguments>
<msg timestamp="20201012 16:34:48.748" level="INFO">Slept 1 second</msg>
<status status="PASS" starttime="20201012 16:34:47.747" endtime="20201012 16:34:48.748"></status>
</kw>
<kw name="Close Browser" library="SeleniumLibrary">
<doc>Closes the current browser.</doc>
<status status="PASS" starttime="20201012 16:34:48.749" endtime="20201012 16:34:51.045"></status>
</kw>
<status status="PASS" starttime="20201012 16:34:43.650" endtime="20201012 16:34:51.045" critical="yes"></status>
</test>
<status status="PASS" starttime="20201012 16:34:43.540" endtime="20201012 16:34:51.046"></status>
</suite>
<status status="PASS" starttime="20201012 16:34:43.522" endtime="20201012 16:34:51.048"></status>
</suite>
<statistics>
<total>
<stat pass="1" fail="0">Critical Tests</stat>
<stat pass="1" fail="0">All Tests</stat>
</total>
<tag>
</tag>
<suite>
<stat pass="1" fail="0" id="s1" name="Tests">Tests</stat>
<stat pass="1" fail="0" id="s1-s1" name="Foo">Tests.Foo</stat>
</suite>
</statistics>
<errors>
</errors>
</robot>
